#
# There is insufficient memory for the Java Runtime Environment to continue.
# Native memory allocation (malloc) failed to allocate 1046976 bytes for Chunk::new
# Possible reasons:
#   The system is out of physical RAM or swap space
#   The process is running with CompressedOops enabled, and the Java Heap may be blocking the growth of the native heap
# Possible solutions:
#   Reduce memory load on the system
#   Increase physical memory or swap space
#   Check if swap backing store is full
#   Decrease Java heap size (-Xmx/-Xms)
#   Decrease number of Java threads
#   Decrease Java thread stack sizes (-Xss)
#   Set larger code cache with -XX:ReservedCodeCacheSize=
#   JVM is running with Unscaled Compressed Oops mode in which the Java heap is
#     placed in the first 4GB address space. The Java Heap base address is the
#     maximum limit for the native heap growth. Please use -XX:HeapBaseMinAddress
#     to set the Java Heap base and to place the Java Heap above 4GB virtual address.
# This output file may be truncated or incomplete.
#
#  Out of Memory Error (src/hotspot/share/memory/arena.cpp:197), pid=15048, tid=4368
#
# JRE version: OpenJDK Runtime Environment (11.0.15) (build 11.0.15+0-b2043.56-9505619)
# Java VM: OpenJDK 64-Bit Server VM (11.0.15+0-b2043.56-9505619, mixed mode, tiered, compressed oops, g1 gc, windows-amd64)
# No core dump will be written. Minidumps are not enabled by default on client versions of Windows
#

---------------  S U M M A R Y ------------

Command Line: --add-opens=java.base/java.util=ALL-UNNAMED --add-opens=java.base/java.lang=ALL-UNNAMED --add-opens=java.base/java.lang.invoke=ALL-UNNAMED --add-opens=java.base/java.util=ALL-UNNAMED --add-opens=java.prefs/java.util.prefs=ALL-UNNAMED --add-opens=java.prefs/java.util.prefs=ALL-UNNAMED --add-opens=java.base/java.nio.charset=ALL-UNNAMED --add-opens=java.base/java.net=ALL-UNNAMED --add-opens=java.base/java.util.concurrent.atomic=ALL-UNNAMED -Xmx2048m -Dfile.encoding=UTF-8 -Duser.country=US -Duser.language=en -Duser.variant org.gradle.launcher.daemon.bootstrap.GradleDaemon 7.5

Host: 11th Gen Intel(R) Core(TM) i5-1135G7 @ 2.40GHz, 8 cores, 7G,  Windows 10 , 64 bit Build 19041 (10.0.19041.4842)
Time: Sat Oct  5 14:21:25 2024 Sri Lanka Standard Time elapsed time: 9.548108 seconds (0d 0h 0m 9s)

---------------  T H R E A D  ---------------

Current thread (0x0000018d0f060800):  JavaThread "C2 CompilerThread0" daemon [_thread_in_native, id=4368, stack(0x0000004c36500000,0x0000004c36600000)]


Current CompileTask:
C2:   9548 6251       4       java.net.URLClassLoader$1::run (5 bytes)

Stack: [0x0000004c36500000,0x0000004c36600000]
Native frames: (J=compiled Java code, j=interpreted, Vv=VM code, C=native code)
V  [jvm.dll+0x64135a]
V  [jvm.dll+0x7d39f9]
V  [jvm.dll+0x7d51b9]
V  [jvm.dll+0x7d58a3]
V  [jvm.dll+0x2691c5]
V  [jvm.dll+0xc1a5c]
V  [jvm.dll+0xc200c]
V  [jvm.dll+0x2da2c2]
V  [jvm.dll+0x54cad9]
V  [jvm.dll+0x22a011]
V  [jvm.dll+0x223809]
V  [jvm.dll+0x220384]
V  [jvm.dll+0x19e851]
V  [jvm.dll+0x230479]
V  [jvm.dll+0x22e5ef]
V  [jvm.dll+0x794de1]
V  [jvm.dll+0x78dc24]
V  [jvm.dll+0x6400f6]
C  [ucrtbase.dll+0x21bb2]
C  [KERNEL32.DLL+0x17374]
C  [ntdll.dll+0x4cc91]


---------------  P R O C E S S  ---------------

Threads class SMR info:
_java_thread_list=0x0000018d11bf0130, length=123, elements={
0x0000018d74128800, 0x0000018d7f5db800, 0x0000018d7f5dd000, 0x0000018d0f056000,
0x0000018d0f059000, 0x0000018d0f05b000, 0x0000018d0f060800, 0x0000018d7f5f6000,
0x0000018d7f5f9000, 0x0000018d0f1dd000, 0x0000018d113f5800, 0x0000018d0f294800,
0x0000018d112d4000, 0x0000018d10aea000, 0x0000018d11b5f800, 0x0000018d11ffa800,
0x0000018d121c2000, 0x0000018d11dcc800, 0x0000018d11609800, 0x0000018d11214800,
0x0000018d118ed000, 0x0000018d118e9000, 0x0000018d118e9800, 0x0000018d118ee000,
0x0000018d118ef800, 0x0000018d118ee800, 0x0000018d118ec000, 0x0000018d118ea800,
0x0000018d118eb800, 0x0000018d123af800, 0x0000018d123ab800, 0x0000018d123b0800,
0x0000018d123b1000, 0x0000018d123ac800, 0x0000018d123b2000, 0x0000018d123b3000,
0x0000018d123ad000, 0x0000018d123b3800, 0x0000018d123ae000, 0x0000018d123b8000,
0x0000018d123ba000, 0x0000018d123b6000, 0x0000018d123b4800, 0x0000018d123b9800,
0x0000018d123b8800, 0x0000018d123b5800, 0x0000018d123b7000, 0x0000018d11f16000,
0x0000018d11f18800, 0x0000018d11f14800, 0x0000018d11f17000, 0x0000018d11f17800,
0x0000018d11f12800, 0x0000018d11f15000, 0x0000018d11f19000, 0x0000018d11f13800,
0x0000018d11f1f800, 0x0000018d11f1d800, 0x0000018d11f1a000, 0x0000018d11f1e000,
0x0000018d11f20800, 0x0000018d11f1f000, 0x0000018d11f1b000, 0x0000018d11f21800,
0x0000018d11f1b800, 0x0000018d11f1c800, 0x0000018d10b50000, 0x0000018d10b4d800,
0x0000018d10b4e800, 0x0000018d10b4a800, 0x0000018d10b4f800, 0x0000018d10b51000,
0x0000018d10b4b800, 0x0000018d10b52000, 0x0000018d10b4c000, 0x0000018d10b52800,
0x0000018d10b4d000, 0x0000018d10b53800, 0x0000018d10b54000, 0x0000018d10b58800,
0x0000018d10b56000, 0x0000018d10b59000, 0x0000018d10b55000, 0x0000018d10b56800,
0x0000018d10b57800, 0x0000018d10a50000, 0x0000018d10a4f800, 0x0000018d10a4d800,
0x0000018d10a4c000, 0x0000018d10a4e800, 0x0000018d10a4a800, 0x0000018d10a51000,
0x0000018d10a4d000, 0x0000018d10a4b800, 0x0000018d10a54000, 0x0000018d10a55000,
0x0000018d10a52800, 0x0000018d10a56800, 0x0000018d10a56000, 0x0000018d10a57800,
0x0000018d10a52000, 0x0000018d10a58800, 0x0000018d10a59000, 0x0000018d10a53800,
0x0000018d12d63800, 0x0000018d12d65000, 0x0000018d12d64800, 0x0000018d12d66000,
0x0000018d12d62800, 0x0000018d12d60000, 0x0000018d12d62000, 0x0000018d12d67000,
0x0000018d12d61000, 0x0000018d12d6d800, 0x0000018d12d67800, 0x0000018d12d6e000,
0x0000018d12d6a000, 0x0000018d12d68800, 0x0000018d12d69000, 0x0000018d12d6b800,
0x0000018d12d6b000, 0x0000018d12d6c800, 0x0000018d12d6f000
}

Java Threads: ( => current thread )
  0x0000018d74128800 JavaThread "main" [_thread_blocked, id=8116, stack(0x0000004c35900000,0x0000004c35a00000)]
  0x0000018d7f5db800 JavaThread "Reference Handler" daemon [_thread_blocked, id=8892, stack(0x0000004c36000000,0x0000004c36100000)]
  0x0000018d7f5dd000 JavaThread "Finalizer" daemon [_thread_blocked, id=15964, stack(0x0000004c36100000,0x0000004c36200000)]
  0x0000018d0f056000 JavaThread "Signal Dispatcher" daemon [_thread_blocked, id=14912, stack(0x0000004c36200000,0x0000004c36300000)]
  0x0000018d0f059000 JavaThread "Attach Listener" daemon [_thread_blocked, id=17744, stack(0x0000004c36300000,0x0000004c36400000)]
  0x0000018d0f05b000 JavaThread "Service Thread" daemon [_thread_blocked, id=10864, stack(0x0000004c36400000,0x0000004c36500000)]
=>0x0000018d0f060800 JavaThread "C2 CompilerThread0" daemon [_thread_in_native, id=4368, stack(0x0000004c36500000,0x0000004c36600000)]
  0x0000018d7f5f6000 JavaThread "C1 CompilerThread0" daemon [_thread_blocked, id=2892, stack(0x0000004c36600000,0x0000004c36700000)]
  0x0000018d7f5f9000 JavaThread "Sweeper thread" daemon [_thread_blocked, id=7908, stack(0x0000004c36700000,0x0000004c36800000)]
  0x0000018d0f1dd000 JavaThread "Common-Cleaner" daemon [_thread_blocked, id=15968, stack(0x0000004c36800000,0x0000004c36900000)]
  0x0000018d113f5800 JavaThread "Daemon health stats" [_thread_blocked, id=11068, stack(0x0000004c36e00000,0x0000004c36f00000)]
  0x0000018d0f294800 JavaThread "Incoming local TCP Connector on port 58102" [_thread_in_native, id=2288, stack(0x0000004c36a00000,0x0000004c36b00000)]
  0x0000018d112d4000 JavaThread "Daemon periodic checks" [_thread_blocked, id=10272, stack(0x0000004c36d00000,0x0000004c36e00000)]
  0x0000018d10aea000 JavaThread "Daemon" [_thread_blocked, id=6120, stack(0x0000004c36f00000,0x0000004c37000000)]
  0x0000018d11b5f800 JavaThread "Handler for socket connection from /127.0.0.1:58102 to /127.0.0.1:58103" [_thread_in_native, id=7508, stack(0x0000004c37000000,0x0000004c37100000)]
  0x0000018d11ffa800 JavaThread "Cancel handler" [_thread_blocked, id=8016, stack(0x0000004c37100000,0x0000004c37200000)]
  0x0000018d121c2000 JavaThread "Daemon worker" [_thread_in_vm, id=22280, stack(0x0000004c37200000,0x0000004c37300000)]
  0x0000018d11dcc800 JavaThread "Asynchronous log dispatcher for DefaultDaemonConnection: socket connection from /127.0.0.1:58102 to /127.0.0.1:58103" [_thread_blocked, id=17696, stack(0x0000004c37300000,0x0000004c37400000)]
  0x0000018d11609800 JavaThread "Stdin handler" [_thread_blocked, id=7284, stack(0x0000004c37400000,0x0000004c37500000)]
  0x0000018d11214800 JavaThread "Daemon client event forwarder" [_thread_blocked, id=4216, stack(0x0000004c37500000,0x0000004c37600000)]
  0x0000018d118ed000 JavaThread "Cache worker for journal cache (C:\Users\HP\.gradle\caches\journal-1)" [_thread_blocked, id=2204, stack(0x0000004c37b00000,0x0000004c37c00000)]
  0x0000018d118e9000 JavaThread "File lock request listener" [_thread_in_native, id=10720, stack(0x0000004c37c00000,0x0000004c37d00000)]
  0x0000018d118e9800 JavaThread "Cache worker for file hash cache (C:\Users\HP\.gradle\caches\7.5\fileHashes)" [_thread_blocked, id=20104, stack(0x0000004c37d00000,0x0000004c37e00000)]
  0x0000018d118ee000 JavaThread "File watcher server" daemon [_thread_in_native, id=18380, stack(0x0000004c37f00000,0x0000004c38000000)]
  0x0000018d118ef800 JavaThread "File watcher consumer" daemon [_thread_blocked, id=14168, stack(0x0000004c38000000,0x0000004c38100000)]
  0x0000018d118ee800 JavaThread "Cache worker for checksums cache (C:\Users\HP\AndroidStudioProjects\WedHall_ReservationSystem\.gradle\7.5\checksums)" [_thread_blocked, id=4472, stack(0x0000004c38100000,0x0000004c38200000)]
  0x0000018d118ec000 JavaThread "Cache worker for cache directory md-rule (C:\Users\HP\.gradle\caches\7.5\md-rule)" [_thread_blocked, id=17788, stack(0x0000004c38200000,0x0000004c38300000)]
  0x0000018d118ea800 JavaThread "Cache worker for file content cache (C:\Users\HP\.gradle\caches\7.5\fileContent)" [_thread_blocked, id=20600, stack(0x0000004c38300000,0x0000004c38400000)]
  0x0000018d118eb800 JavaThread "Cache worker for file hash cache (C:\Users\HP\AndroidStudioProjects\WedHall_ReservationSystem\.gradle\7.5\fileHashes)" [_thread_blocked, id=13008, stack(0x0000004c38400000,0x0000004c38500000)]
  0x0000018d123af800 JavaThread "Cache worker for cache directory md-supplier (C:\Users\HP\.gradle\caches\7.5\md-supplier)" [_thread_blocked, id=12684, stack(0x0000004c38500000,0x0000004c38600000)]
  0x0000018d123ab800 JavaThread "Cache worker for execution history cache (C:\Users\HP\.gradle\caches\7.5\executionHistory)" [_thread_blocked, id=11868, stack(0x0000004c38600000,0x0000004c38700000)]
  0x0000018d123b0800 JavaThread "jar transforms" [_thread_blocked, id=5740, stack(0x0000004c38700000,0x0000004c38800000)]
  0x0000018d123b1000 JavaThread "jar transforms Thread 2" [_thread_blocked, id=3124, stack(0x0000004c38800000,0x0000004c38900000)]
  0x0000018d123ac800 JavaThread "jar transforms Thread 3" [_thread_blocked, id=18932, stack(0x0000004c38900000,0x0000004c38a00000)]
  0x0000018d123b2000 JavaThread "jar transforms Thread 4" [_thread_blocked, id=16312, stack(0x0000004c38a00000,0x0000004c38b00000)]
  0x0000018d123b3000 JavaThread "Cache worker for dependencies-accessors (C:\Users\HP\AndroidStudioProjects\WedHall_ReservationSystem\.gradle\7.5\dependencies-accessors)" [_thread_blocked, id=20076, stack(0x0000004c38b00000,0x0000004c38c00000)]
  0x0000018d123ad000 JavaThread "jar transforms Thread 5" [_thread_blocked, id=15112, stack(0x0000004c38c00000,0x0000004c38d00000)]
  0x0000018d123b3800 JavaThread "Cache worker for Build Output Cleanup Cache (C:\Users\HP\AndroidStudioProjects\WedHall_ReservationSystem\.gradle\buildOutputCleanup)" [_thread_blocked, id=10440, stack(0x0000004c38d00000,0x0000004c38e00000)]
  0x0000018d123ae000 JavaThread "Unconstrained build operations" [_thread_blocked, id=11168, stack(0x0000004c38e00000,0x0000004c38f00000)]
  0x0000018d123b8000 JavaThread "Unconstrained build operations Thread 2" [_thread_blocked, id=1996, stack(0x0000004c38f00000,0x0000004c39000000)]
  0x0000018d123ba000 JavaThread "Unconstrained build operations Thread 3" [_thread_blocked, id=15660, stack(0x0000004c39000000,0x0000004c39100000)]
  0x0000018d123b6000 JavaThread "Unconstrained build operations Thread 4" [_thread_blocked, id=1184, stack(0x0000004c39100000,0x0000004c39200000)]
  0x0000018d123b4800 JavaThread "Unconstrained build operations Thread 5" [_thread_blocked, id=15188, stack(0x0000004c39200000,0x0000004c39300000)]
  0x0000018d123b9800 JavaThread "Unconstrained build operations Thread 6" [_thread_blocked, id=8720, stack(0x0000004c39300000,0x0000004c39400000)]
  0x0000018d123b8800 JavaThread "Unconstrained build operations Thread 7" [_thread_blocked, id=8120, stack(0x0000004c39400000,0x0000004c39500000)]
  0x0000018d123b5800 JavaThread "Unconstrained build operations Thread 8" [_thread_blocked, id=19692, stack(0x0000004c39500000,0x0000004c39600000)]
  0x0000018d123b7000 JavaThread "Unconstrained build operations Thread 9" [_thread_blocked, id=648, stack(0x0000004c39600000,0x0000004c39700000)]
  0x0000018d11f16000 JavaThread "Unconstrained build operations Thread 10" [_thread_blocked, id=6364, stack(0x0000004c39700000,0x0000004c39800000)]
  0x0000018d11f18800 JavaThread "Unconstrained build operations Thread 11" [_thread_blocked, id=3480, stack(0x0000004c39800000,0x0000004c39900000)]
  0x0000018d11f14800 JavaThread "Unconstrained build operations Thread 12" [_thread_blocked, id=5948, stack(0x0000004c39900000,0x0000004c39a00000)]
  0x0000018d11f17000 JavaThread "Unconstrained build operations Thread 13" [_thread_blocked, id=1848, stack(0x0000004c39a00000,0x0000004c39b00000)]
  0x0000018d11f17800 JavaThread "Unconstrained build operations Thread 14" [_thread_blocked, id=17056, stack(0x0000004c39b00000,0x0000004c39c00000)]
  0x0000018d11f12800 JavaThread "Unconstrained build operations Thread 15" [_thread_blocked, id=14420, stack(0x0000004c39c00000,0x0000004c39d00000)]
  0x0000018d11f15000 JavaThread "Unconstrained build operations Thread 16" [_thread_blocked, id=1676, stack(0x0000004c39d00000,0x0000004c39e00000)]
  0x0000018d11f19000 JavaThread "Unconstrained build operations Thread 17" [_thread_blocked, id=2216, stack(0x0000004c39e00000,0x0000004c39f00000)]
  0x0000018d11f13800 JavaThread "Unconstrained build operations Thread 18" [_thread_blocked, id=14860, stack(0x0000004c39f00000,0x0000004c3a000000)]
  0x0000018d11f1f800 JavaThread "Unconstrained build operations Thread 19" [_thread_blocked, id=8132, stack(0x0000004c3a000000,0x0000004c3a100000)]
  0x0000018d11f1d800 JavaThread "Unconstrained build operations Thread 20" [_thread_blocked, id=9156, stack(0x0000004c3a100000,0x0000004c3a200000)]
  0x0000018d11f1a000 JavaThread "Unconstrained build operations Thread 21" [_thread_blocked, id=12800, stack(0x0000004c3a200000,0x0000004c3a300000)]
  0x0000018d11f1e000 JavaThread "Unconstrained build operations Thread 22" [_thread_blocked, id=11028, stack(0x0000004c3a300000,0x0000004c3a400000)]
  0x0000018d11f20800 JavaThread "Unconstrained build operations Thread 23" [_thread_blocked, id=1360, stack(0x0000004c3a400000,0x0000004c3a500000)]
  0x0000018d11f1f000 JavaThread "Unconstrained build operations Thread 24" [_thread_blocked, id=12080, stack(0x0000004c3a500000,0x0000004c3a600000)]
  0x0000018d11f1b000 JavaThread "Unconstrained build operations Thread 25" [_thread_blocked, id=19052, stack(0x0000004c3a600000,0x0000004c3a700000)]
  0x0000018d11f21800 JavaThread "Unconstrained build operations Thread 26" [_thread_blocked, id=2356, stack(0x0000004c3a700000,0x0000004c3a800000)]
  0x0000018d11f1b800 JavaThread "Unconstrained build operations Thread 27" [_thread_blocked, id=18124, stack(0x0000004c3a800000,0x0000004c3a900000)]
  0x0000018d11f1c800 JavaThread "Unconstrained build operations Thread 28" [_thread_blocked, id=9724, stack(0x0000004c3a900000,0x0000004c3aa00000)]
  0x0000018d10b50000 JavaThread "Unconstrained build operations Thread 29" [_thread_blocked, id=18560, stack(0x0000004c3aa00000,0x0000004c3ab00000)]
  0x0000018d10b4d800 JavaThread "Unconstrained build operations Thread 30" [_thread_blocked, id=19564, stack(0x0000004c3ab00000,0x0000004c3ac00000)]
  0x0000018d10b4e800 JavaThread "Unconstrained build operations Thread 31" [_thread_blocked, id=16492, stack(0x0000004c3ac00000,0x0000004c3ad00000)]
  0x0000018d10b4a800 JavaThread "Unconstrained build operations Thread 32" [_thread_blocked, id=2696, stack(0x0000004c3ad00000,0x0000004c3ae00000)]
  0x0000018d10b4f800 JavaThread "Unconstrained build operations Thread 33" [_thread_blocked, id=11856, stack(0x0000004c3ae00000,0x0000004c3af00000)]
  0x0000018d10b51000 JavaThread "Unconstrained build operations Thread 34" [_thread_blocked, id=16488, stack(0x0000004c3af00000,0x0000004c3b000000)]
  0x0000018d10b4b800 JavaThread "Unconstrained build operations Thread 35" [_thread_blocked, id=21364, stack(0x0000004c3b000000,0x0000004c3b100000)]
  0x0000018d10b52000 JavaThread "Unconstrained build operations Thread 36" [_thread_blocked, id=1988, stack(0x0000004c3b100000,0x0000004c3b200000)]
  0x0000018d10b4c000 JavaThread "Unconstrained build operations Thread 37" [_thread_blocked, id=2180, stack(0x0000004c3b200000,0x0000004c3b300000)]
  0x0000018d10b52800 JavaThread "Unconstrained build operations Thread 38" [_thread_blocked, id=16340, stack(0x0000004c3b300000,0x0000004c3b400000)]
  0x0000018d10b4d000 JavaThread "Unconstrained build operations Thread 39" [_thread_blocked, id=21628, stack(0x0000004c3b400000,0x0000004c3b500000)]
  0x0000018d10b53800 JavaThread "Unconstrained build operations Thread 40" [_thread_blocked, id=16348, stack(0x0000004c3b500000,0x0000004c3b600000)]
  0x0000018d10b54000 JavaThread "Unconstrained build operations Thread 41" [_thread_blocked, id=12624, stack(0x0000004c3b600000,0x0000004c3b700000)]
  0x0000018d10b58800 JavaThread "Unconstrained build operations Thread 42" [_thread_blocked, id=21352, stack(0x0000004c3b700000,0x0000004c3b800000)]
  0x0000018d10b56000 JavaThread "Unconstrained build operations Thread 43" [_thread_blocked, id=14172, stack(0x0000004c3b800000,0x0000004c3b900000)]
  0x0000018d10b59000 JavaThread "Unconstrained build operations Thread 44" [_thread_blocked, id=16904, stack(0x0000004c3b900000,0x0000004c3ba00000)]
  0x0000018d10b55000 JavaThread "Unconstrained build operations Thread 45" [_thread_blocked, id=19464, stack(0x0000004c3ba00000,0x0000004c3bb00000)]
  0x0000018d10b56800 JavaThread "Unconstrained build operations Thread 46" [_thread_blocked, id=20448, stack(0x0000004c3bb00000,0x0000004c3bc00000)]
  0x0000018d10b57800 JavaThread "Unconstrained build operations Thread 47" [_thread_blocked, id=12880, stack(0x0000004c3bc00000,0x0000004c3bd00000)]
  0x0000018d10a50000 JavaThread "Unconstrained build operations Thread 48" [_thread_blocked, id=5240, stack(0x0000004c3bd00000,0x0000004c3be00000)]
  0x0000018d10a4f800 JavaThread "Unconstrained build operations Thread 49" [_thread_blocked, id=17620, stack(0x0000004c3be00000,0x0000004c3bf00000)]
  0x0000018d10a4d800 JavaThread "Unconstrained build operations Thread 50" [_thread_blocked, id=10600, stack(0x0000004c3bf00000,0x0000004c3c000000)]
  0x0000018d10a4c000 JavaThread "Unconstrained build operations Thread 51" [_thread_blocked, id=11724, stack(0x0000004c3c000000,0x0000004c3c100000)]
  0x0000018d10a4e800 JavaThread "Unconstrained build operations Thread 52" [_thread_blocked, id=15664, stack(0x0000004c3c100000,0x0000004c3c200000)]
  0x0000018d10a4a800 JavaThread "Unconstrained build operations Thread 53" [_thread_blocked, id=8900, stack(0x0000004c3c200000,0x0000004c3c300000)]
  0x0000018d10a51000 JavaThread "Unconstrained build operations Thread 54" [_thread_blocked, id=2880, stack(0x0000004c3c300000,0x0000004c3c400000)]
  0x0000018d10a4d000 JavaThread "Unconstrained build operations Thread 55" [_thread_blocked, id=19796, stack(0x0000004c3c400000,0x0000004c3c500000)]
  0x0000018d10a4b800 JavaThread "Unconstrained build operations Thread 56" [_thread_blocked, id=14720, stack(0x0000004c3c500000,0x0000004c3c600000)]
  0x0000018d10a54000 JavaThread "Unconstrained build operations Thread 57" [_thread_blocked, id=19116, stack(0x0000004c3c600000,0x0000004c3c700000)]
  0x0000018d10a55000 JavaThread "Unconstrained build operations Thread 58" [_thread_blocked, id=13816, stack(0x0000004c3c700000,0x0000004c3c800000)]
  0x0000018d10a52800 JavaThread "Unconstrained build operations Thread 59" [_thread_blocked, id=2824, stack(0x0000004c3c800000,0x0000004c3c900000)]
  0x0000018d10a56800 JavaThread "Unconstrained build operations Thread 60" [_thread_blocked, id=18508, stack(0x0000004c3c900000,0x0000004c3ca00000)]
  0x0000018d10a56000 JavaThread "Unconstrained build operations Thread 61" [_thread_blocked, id=22380, stack(0x0000004c3ca00000,0x0000004c3cb00000)]
  0x0000018d10a57800 JavaThread "Unconstrained build operations Thread 62" [_thread_blocked, id=4884, stack(0x0000004c3cb00000,0x0000004c3cc00000)]
  0x0000018d10a52000 JavaThread "Unconstrained build operations Thread 63" [_thread_blocked, id=10036, stack(0x0000004c3cc00000,0x0000004c3cd00000)]
  0x0000018d10a58800 JavaThread "Unconstrained build operations Thread 64" [_thread_blocked, id=2460, stack(0x0000004c3cd00000,0x0000004c3ce00000)]
  0x0000018d10a59000 JavaThread "Unconstrained build operations Thread 65" [_thread_blocked, id=14768, stack(0x0000004c3ce00000,0x0000004c3cf00000)]
  0x0000018d10a53800 JavaThread "Unconstrained build operations Thread 66" [_thread_blocked, id=18688, stack(0x0000004c3cf00000,0x0000004c3d000000)]
  0x0000018d12d63800 JavaThread "Unconstrained build operations Thread 67" [_thread_blocked, id=17300, stack(0x0000004c3d000000,0x0000004c3d100000)]
  0x0000018d12d65000 JavaThread "Unconstrained build operations Thread 68" [_thread_blocked, id=10900, stack(0x0000004c3d100000,0x0000004c3d200000)]
  0x0000018d12d64800 JavaThread "Unconstrained build operations Thread 69" [_thread_blocked, id=5840, stack(0x0000004c3d200000,0x0000004c3d300000)]
  0x0000018d12d66000 JavaThread "Unconstrained build operations Thread 70" [_thread_blocked, id=3992, stack(0x0000004c3d300000,0x0000004c3d400000)]
  0x0000018d12d62800 JavaThread "Unconstrained build operations Thread 71" [_thread_blocked, id=148, stack(0x0000004c3d400000,0x0000004c3d500000)]
  0x0000018d12d60000 JavaThread "Unconstrained build operations Thread 72" [_thread_blocked, id=7872, stack(0x0000004c3d500000,0x0000004c3d600000)]
  0x0000018d12d62000 JavaThread "Unconstrained build operations Thread 73" [_thread_blocked, id=9848, stack(0x0000004c3d600000,0x0000004c3d700000)]
  0x0000018d12d67000 JavaThread "Unconstrained build operations Thread 74" [_thread_blocked, id=21968, stack(0x0000004c3d700000,0x0000004c3d800000)]
  0x0000018d12d61000 JavaThread "Unconstrained build operations Thread 75" [_thread_blocked, id=18888, stack(0x0000004c3d800000,0x0000004c3d900000)]
  0x0000018d12d6d800 JavaThread "Unconstrained build operations Thread 76" [_thread_blocked, id=18108, stack(0x0000004c3d900000,0x0000004c3da00000)]
  0x0000018d12d67800 JavaThread "Unconstrained build operations Thread 77" [_thread_blocked, id=13076, stack(0x0000004c3da00000,0x0000004c3db00000)]
  0x0000018d12d6e000 JavaThread "Unconstrained build operations Thread 78" [_thread_blocked, id=21552, stack(0x0000004c3db00000,0x0000004c3dc00000)]
  0x0000018d12d6a000 JavaThread "Unconstrained build operations Thread 79" [_thread_blocked, id=16116, stack(0x0000004c3dc00000,0x0000004c3dd00000)]
  0x0000018d12d68800 JavaThread "Unconstrained build operations Thread 80" [_thread_blocked, id=3804, stack(0x0000004c3dd00000,0x0000004c3de00000)]
  0x0000018d12d69000 JavaThread "jar transforms Thread 6" [_thread_blocked, id=7948, stack(0x0000004c3de00000,0x0000004c3df00000)]
  0x0000018d12d6b800 JavaThread "jar transforms Thread 7" [_thread_blocked, id=2632, stack(0x0000004c3df00000,0x0000004c3e000000)]
  0x0000018d12d6b000 JavaThread "jar transforms Thread 8" [_thread_blocked, id=8648, stack(0x0000004c3e000000,0x0000004c3e100000)]
  0x0000018d12d6c800 JavaThread "build event listener" [_thread_blocked, id=16456, stack(0x0000004c3e100000,0x0000004c3e200000)]
  0x0000018d12d6f000 JavaThread "Memory manager" [_thread_blocked, id=6992, stack(0x0000004c3e200000,0x0000004c3e300000)]

Other Threads:
  0x0000018d7f5d7000 VMThread "VM Thread" [stack: 0x0000004c35f00000,0x0000004c36000000] [id=7256]
  0x0000018d0f1f4000 WatcherThread [stack: 0x0000004c36900000,0x0000004c36a00000] [id=9236]
  0x0000018d74142000 GCTaskThread "GC Thread#0" [stack: 0x0000004c35a00000,0x0000004c35b00000] [id=20112]
  0x0000018d0f248000 GCTaskThread "GC Thread#1" [stack: 0x0000004c36b00000,0x0000004c36c00000] [id=14252]
  0x0000018d0f246000 GCTaskThread "GC Thread#2" [stack: 0x0000004c36c00000,0x0000004c36d00000] [id=10796]
  0x0000018d0f249000 GCTaskThread "GC Thread#3" [stack: 0x0000004c37600000,0x0000004c37700000] [id=5440]
  0x0000018d0f246800 GCTaskThread "GC Thread#4" [stack: 0x0000004c37700000,0x0000004c37800000] [id=7812]
  0x0000018d0f247800 GCTaskThread "GC Thread#5" [stack: 0x0000004c37800000,0x0000004c37900000] [id=2420]
  0x0000018d111ec800 GCTaskThread "GC Thread#6" [stack: 0x0000004c37900000,0x0000004c37a00000] [id=20308]
  0x0000018d111ed800 GCTaskThread "GC Thread#7" [stack: 0x0000004c37a00000,0x0000004c37b00000] [id=15780]
  0x0000018d74175000 ConcurrentGCThread "G1 Main Marker" [stack: 0x0000004c35b00000,0x0000004c35c00000] [id=1320]
  0x0000018d74176800 ConcurrentGCThread "G1 Conc#0" [stack: 0x0000004c35c00000,0x0000004c35d00000] [id=4916]
  0x0000018d111ef000 ConcurrentGCThread "G1 Conc#1" [stack: 0x0000004c37e00000,0x0000004c37f00000] [id=5264]
  0x0000018d7f424800 ConcurrentGCThread "G1 Refine#0" [stack: 0x0000004c35d00000,0x0000004c35e00000] [id=6156]
  0x0000018d7f425000 ConcurrentGCThread "G1 Young RemSet Sampling" [stack: 0x0000004c35e00000,0x0000004c35f00000] [id=11304]

Threads with active compile tasks:
C2 CompilerThread0     9649 6251       4       java.net.URLClassLoader$1::run (5 bytes)
C1 CompilerThread0     9649 6300   !   3       org.objectweb.asm.ClassWriter::getCommonSuperClass (141 bytes)

VM state:not at safepoint (normal execution)

VM Mutex/Monitor currently owned by a thread:  ([mutex/lock_event])
[0x0000018d7411b920] CodeCache_lock - owner thread: 0x0000018d7f5f6000
[0x0000018d74125bd0] Compile_lock - owner thread: 0x0000000000000000

Heap address: 0x0000000080000000, size: 2048 MB, Compressed Oops mode: 32-bit
Narrow klass base: 0x0000000000000000, Narrow klass shift: 3
Compressed class space size: 1073741824 Address: 0x0000000100000000

Heap:
 garbage-first heap   total 155648K, used 84311K [0x0000000080000000, 0x0000000100000000)
  region size 1024K, 36 young (36864K), 3 survivors (3072K)
 Metaspace       used 62700K, capacity 64243K, committed 64464K, reserved 1105920K
  class space    used 7887K, capacity 8493K, committed 8524K, reserved 1048576K
Heap Regions: E=young(eden), S=young(survivor), O=old, HS=humongous(starts), HC=humongous(continues), CS=collection set, F=free, A=archive, TAMS=top-at-mark-start (previous, next)
|   0|0x0000000080000000, 0x0000000080100000, 0x0000000080100000|100%| O|  |TAMS 0x0000000080100000, 0x0000000080000000| Untracked 
|   1|0x0000000080100000, 0x0000000080200000, 0x0000000080200000|100%| O|  |TAMS 0x0000000080200000, 0x0000000080100000| Untracked 
|   2|0x0000000080200000, 0x0000000080300000, 0x0000000080300000|100%| O|  |TAMS 0x0000000080300000, 0x0000000080200000| Untracked 
|   3|0x0000000080300000, 0x0000000080400000, 0x0000000080400000|100%|HS|  |TAMS 0x0000000080400000, 0x0000000080300000| Complete 
|   4|0x0000000080400000, 0x0000000080500000, 0x0000000080500000|100%|HC|  |TAMS 0x0000000080500000, 0x0000000080400000| Complete 
|   5|0x0000000080500000, 0x0000000080600000, 0x0000000080600000|100%|HC|  |TAMS 0x0000000080600000, 0x0000000080500000| Complete 
|   6|0x0000000080600000, 0x0000000080700000, 0x0000000080700000|100%| O|  |TAMS 0x0000000080700000, 0x0000000080600000| Untracked 
|   7|0x0000000080700000, 0x0000000080800000, 0x0000000080800000|100%| O|  |TAMS 0x0000000080800000, 0x0000000080700000| Untracked 
|   8|0x0000000080800000, 0x0000000080900000, 0x0000000080900000|100%| O|  |TAMS 0x0000000080900000, 0x0000000080800000| Untracked 
|   9|0x0000000080900000, 0x0000000080a00000, 0x0000000080a00000|100%| O|  |TAMS 0x0000000080a00000, 0x0000000080900000| Untracked 
|  10|0x0000000080a00000, 0x0000000080b00000, 0x0000000080b00000|100%| O|  |TAMS 0x0000000080b00000, 0x0000000080a00000| Untracked 
|  11|0x0000000080b00000, 0x0000000080c00000, 0x0000000080c00000|100%| O|  |TAMS 0x0000000080c00000, 0x0000000080b00000| Untracked 
|  12|0x0000000080c00000, 0x0000000080d00000, 0x0000000080d00000|100%| O|  |TAMS 0x0000000080d00000, 0x0000000080c00000| Untracked 
|  13|0x0000000080d00000, 0x0000000080e00000, 0x0000000080e00000|100%| O|  |TAMS 0x0000000080e00000, 0x0000000080d00000| Untracked 
|  14|0x0000000080e00000, 0x0000000080f00000, 0x0000000080f00000|100%| O|  |TAMS 0x0000000080f00000, 0x0000000080e00000| Untracked 
|  15|0x0000000080f00000, 0x0000000081000000, 0x0000000081000000|100%| O|  |TAMS 0x0000000081000000, 0x0000000080f00000| Untracked 
|  16|0x0000000081000000, 0x0000000081100000, 0x0000000081100000|100%| O|  |TAMS 0x0000000081100000, 0x0000000081000000| Untracked 
|  17|0x0000000081100000, 0x0000000081200000, 0x0000000081200000|100%| O|  |TAMS 0x0000000081100000, 0x0000000081100000| Untracked 
|  18|0x0000000081200000, 0x0000000081300000, 0x0000000081300000|100%| O|  |TAMS 0x0000000081200000, 0x0000000081200000| Untracked 
|  19|0x0000000081300000, 0x0000000081400000, 0x0000000081400000|100%| O|  |TAMS 0x0000000081300000, 0x0000000081300000| Untracked 
|  20|0x0000000081400000, 0x0000000081500000, 0x0000000081500000|100%| O|  |TAMS 0x0000000081500000, 0x0000000081400000| Untracked 
|  21|0x0000000081500000, 0x0000000081600000, 0x0000000081600000|100%| O|  |TAMS 0x0000000081600000, 0x0000000081500000| Untracked 
|  22|0x0000000081600000, 0x0000000081700000, 0x0000000081700000|100%| O|  |TAMS 0x0000000081676000, 0x0000000081600000| Untracked 
|  23|0x0000000081700000, 0x0000000081800000, 0x0000000081800000|100%| O|  |TAMS 0x0000000081700000, 0x0000000081700000| Untracked 
|  24|0x0000000081800000, 0x0000000081900000, 0x0000000081900000|100%| O|  |TAMS 0x0000000081800000, 0x0000000081800000| Untracked 
|  25|0x0000000081900000, 0x0000000081a00000, 0x0000000081a00000|100%| O|  |TAMS 0x0000000081900000, 0x0000000081900000| Untracked 
|  26|0x0000000081a00000, 0x0000000081b00000, 0x0000000081b00000|100%| O|  |TAMS 0x0000000081a00000, 0x0000000081a00000| Untracked 
|  27|0x0000000081b00000, 0x0000000081c00000, 0x0000000081c00000|100%|HS|  |TAMS 0x0000000081b00000, 0x0000000081b00000| Complete 
|  28|0x0000000081c00000, 0x0000000081d00000, 0x0000000081d00000|100%|HS|  |TAMS 0x0000000081c00000, 0x0000000081c00000| Complete 
|  29|0x0000000081d00000, 0x0000000081e00000, 0x0000000081e00000|100%| O|  |TAMS 0x0000000081d00000, 0x0000000081d00000| Untracked 
|  30|0x0000000081e00000, 0x0000000081f00000, 0x0000000081f00000|100%| O|  |TAMS 0x0000000081e00000, 0x0000000081e00000| Untracked 
|  31|0x0000000081f00000, 0x0000000082000000, 0x0000000082000000|100%| O|  |TAMS 0x0000000081f00000, 0x0000000081f00000| Untracked 
|  32|0x0000000082000000, 0x0000000082100000, 0x0000000082100000|100%| O|  |TAMS 0x0000000082000000, 0x0000000082000000| Untracked 
|  33|0x0000000082100000, 0x0000000082200000, 0x0000000082200000|100%| O|  |TAMS 0x0000000082100000, 0x0000000082100000| Untracked 
|  34|0x0000000082200000, 0x0000000082300000, 0x0000000082300000|100%| O|  |TAMS 0x0000000082200000, 0x0000000082200000| Untracked 
|  35|0x0000000082300000, 0x0000000082400000, 0x0000000082400000|100%| O|  |TAMS 0x0000000082300000, 0x0000000082300000| Untracked 
|  36|0x0000000082400000, 0x0000000082500000, 0x0000000082500000|100%| O|  |TAMS 0x0000000082400000, 0x0000000082400000| Untracked 
|  37|0x0000000082500000, 0x0000000082600000, 0x0000000082600000|100%| O|  |TAMS 0x0000000082500000, 0x0000000082500000| Untracked 
|  38|0x0000000082600000, 0x0000000082700000, 0x0000000082700000|100%| O|  |TAMS 0x0000000082600000, 0x0000000082600000| Untracked 
|  39|0x0000000082700000, 0x0000000082800000, 0x0000000082800000|100%| O|  |TAMS 0x0000000082700000, 0x0000000082700000| Untracked 
|  40|0x0000000082800000, 0x0000000082880200, 0x0000000082900000| 50%| O|  |TAMS 0x0000000082800000, 0x0000000082800000| Untracked 
|  41|0x0000000082900000, 0x0000000082a00000, 0x0000000082a00000|100%|HS|  |TAMS 0x0000000082900000, 0x0000000082900000| Complete 
|  42|0x0000000082a00000, 0x0000000082b00000, 0x0000000082b00000|100%|HS|  |TAMS 0x0000000082a00000, 0x0000000082a00000| Complete 
|  43|0x0000000082b00000, 0x0000000082c00000, 0x0000000082c00000|100%|HS|  |TAMS 0x0000000082b00000, 0x0000000082b00000| Complete 
|  44|0x0000000082c00000, 0x0000000082d00000, 0x0000000082d00000|100%|HS|  |TAMS 0x0000000082c00000, 0x0000000082c00000| Complete 
|  45|0x0000000082d00000, 0x0000000082e00000, 0x0000000082e00000|100%|HS|  |TAMS 0x0000000082d00000, 0x0000000082d00000| Complete 
|  46|0x0000000082e00000, 0x0000000082f00000, 0x0000000082f00000|100%|HS|  |TAMS 0x0000000082e00000, 0x0000000082e00000| Complete 
|  47|0x0000000082f00000, 0x0000000083000000, 0x0000000083000000|100%|HS|  |TAMS 0x0000000082f00000, 0x0000000082f00000| Complete 
|  48|0x0000000083000000, 0x0000000083000000, 0x0000000083100000|  0%| F|  |TAMS 0x0000000083000000, 0x0000000083000000| Untracked 
|  49|0x0000000083100000, 0x0000000083100000, 0x0000000083200000|  0%| F|  |TAMS 0x0000000083100000, 0x0000000083100000| Untracked 
|  50|0x0000000083200000, 0x0000000083200000, 0x0000000083300000|  0%| F|  |TAMS 0x0000000083200000, 0x0000000083200000| Untracked 
|  51|0x0000000083300000, 0x0000000083300000, 0x0000000083400000|  0%| F|  |TAMS 0x0000000083300000, 0x0000000083300000| Untracked 
|  52|0x0000000083400000, 0x0000000083400000, 0x0000000083500000|  0%| F|  |TAMS 0x0000000083400000, 0x0000000083400000| Untracked 
|  53|0x0000000083500000, 0x0000000083500000, 0x0000000083600000|  0%| F|  |TAMS 0x0000000083500000, 0x0000000083500000| Untracked 
|  54|0x0000000083600000, 0x0000000083600000, 0x0000000083700000|  0%| F|  |TAMS 0x0000000083600000, 0x0000000083600000| Untracked 
|  55|0x0000000083700000, 0x0000000083700000, 0x0000000083800000|  0%| F|  |TAMS 0x0000000083700000, 0x0000000083700000| Untracked 
|  56|0x0000000083800000, 0x0000000083800000, 0x0000000083900000|  0%| F|  |TAMS 0x0000000083800000, 0x0000000083800000| Untracked 
|  57|0x0000000083900000, 0x0000000083900000, 0x0000000083a00000|  0%| F|  |TAMS 0x0000000083900000, 0x0000000083900000| Untracked 
|  58|0x0000000083a00000, 0x0000000083a00000, 0x0000000083b00000|  0%| F|  |TAMS 0x0000000083a00000, 0x0000000083a00000| Untracked 
|  59|0x0000000083b00000, 0x0000000083b00000, 0x0000000083c00000|  0%| F|  |TAMS 0x0000000083b00000, 0x0000000083b00000| Untracked 
|  60|0x0000000083c00000, 0x0000000083c00000, 0x0000000083d00000|  0%| F|  |TAMS 0x0000000083c00000, 0x0000000083c00000| Untracked 
|  61|0x0000000083d00000, 0x0000000083d00000, 0x0000000083e00000|  0%| F|  |TAMS 0x0000000083d00000, 0x0000000083d00000| Untracked 
|  62|0x0000000083e00000, 0x0000000083e00000, 0x0000000083f00000|  0%| F|  |TAMS 0x0000000083e00000, 0x0000000083e00000| Untracked 
|  63|0x0000000083f00000, 0x0000000083f00000, 0x0000000084000000|  0%| F|  |TAMS 0x0000000083f00000, 0x0000000083f00000| Untracked 
|  64|0x0000000084000000, 0x0000000084000000, 0x0000000084100000|  0%| F|  |TAMS 0x0000000084000000, 0x0000000084000000| Untracked 
|  65|0x0000000084100000, 0x0000000084100000, 0x0000000084200000|  0%| F|  |TAMS 0x0000000084100000, 0x0000000084100000| Untracked 
|  66|0x0000000084200000, 0x0000000084200000, 0x0000000084300000|  0%| F|  |TAMS 0x0000000084200000, 0x0000000084200000| Untracked 
|  67|0x0000000084300000, 0x0000000084300000, 0x0000000084400000|  0%| F|  |TAMS 0x0000000084300000, 0x0000000084300000| Untracked 
|  68|0x0000000084400000, 0x0000000084400000, 0x0000000084500000|  0%| F|  |TAMS 0x0000000084400000, 0x0000000084400000| Untracked 
|  69|0x0000000084500000, 0x0000000084500000, 0x0000000084600000|  0%| F|  |TAMS 0x0000000084500000, 0x0000000084500000| Untracked 
|  70|0x0000000084600000, 0x0000000084600000, 0x0000000084700000|  0%| F|  |TAMS 0x0000000084600000, 0x0000000084600000| Untracked 
|  71|0x0000000084700000, 0x0000000084700000, 0x0000000084800000|  0%| F|  |TAMS 0x0000000084700000, 0x0000000084700000| Untracked 
|  72|0x0000000084800000, 0x0000000084800000, 0x0000000084900000|  0%| F|  |TAMS 0x0000000084800000, 0x0000000084800000| Untracked 
|  73|0x0000000084900000, 0x0000000084900000, 0x0000000084a00000|  0%| F|  |TAMS 0x0000000084900000, 0x0000000084900000| Untracked 
|  74|0x0000000084a00000, 0x0000000084a00000, 0x0000000084b00000|  0%| F|  |TAMS 0x0000000084a00000, 0x0000000084a00000| Untracked 
|  75|0x0000000084b00000, 0x0000000084b00000, 0x0000000084c00000|  0%| F|  |TAMS 0x0000000084b00000, 0x0000000084b00000| Untracked 
|  76|0x0000000084c00000, 0x0000000084c00000, 0x0000000084d00000|  0%| F|  |TAMS 0x0000000084c00000, 0x0000000084c00000| Untracked 
|  77|0x0000000084d00000, 0x0000000084d00000, 0x0000000084e00000|  0%| F|  |TAMS 0x0000000084d00000, 0x0000000084d00000| Untracked 
|  78|0x0000000084e00000, 0x0000000084e00000, 0x0000000084f00000|  0%| F|  |TAMS 0x0000000084e00000, 0x0000000084e00000| Untracked 
|  79|0x0000000084f00000, 0x0000000084f00000, 0x0000000085000000|  0%| F|  |TAMS 0x0000000084f00000, 0x0000000084f00000| Untracked 
|  80|0x0000000085000000, 0x00000000850d5cd0, 0x0000000085100000| 83%| S|CS|TAMS 0x0000000085000000, 0x0000000085000000| Complete 
|  81|0x0000000085100000, 0x0000000085100000, 0x0000000085200000|  0%| F|  |TAMS 0x0000000085100000, 0x0000000085100000| Untracked 
|  82|0x0000000085200000, 0x0000000085200000, 0x0000000085300000|  0%| F|  |TAMS 0x0000000085200000, 0x0000000085200000| Untracked 
|  83|0x0000000085300000, 0x0000000085300000, 0x0000000085400000|  0%| F|  |TAMS 0x0000000085300000, 0x0000000085300000| Untracked 
|  84|0x0000000085400000, 0x0000000085400000, 0x0000000085500000|  0%| F|  |TAMS 0x0000000085400000, 0x0000000085400000| Untracked 
|  85|0x0000000085500000, 0x0000000085500000, 0x0000000085600000|  0%| F|  |TAMS 0x0000000085500000, 0x0000000085500000| Untracked 
|  86|0x0000000085600000, 0x0000000085600000, 0x0000000085700000|  0%| F|  |TAMS 0x0000000085600000, 0x0000000085600000| Untracked 
|  87|0x0000000085700000, 0x0000000085700000, 0x0000000085800000|  0%| F|  |TAMS 0x0000000085700000, 0x0000000085700000| Untracked 
|  88|0x0000000085800000, 0x0000000085800000, 0x0000000085900000|  0%| F|  |TAMS 0x0000000085800000, 0x0000000085800000| Untracked 
|  89|0x0000000085900000, 0x0000000085900000, 0x0000000085a00000|  0%| F|  |TAMS 0x0000000085900000, 0x0000000085900000| Untracked 
|  90|0x0000000085a00000, 0x0000000085b00000, 0x0000000085b00000|100%| S|CS|TAMS 0x0000000085a00000, 0x0000000085a00000| Complete 
|  91|0x0000000085b00000, 0x0000000085c00000, 0x0000000085c00000|100%| S|CS|TAMS 0x0000000085b00000, 0x0000000085b00000| Complete 
|  92|0x0000000085c00000, 0x0000000085c00000, 0x0000000085d00000|  0%| F|  |TAMS 0x0000000085c00000, 0x0000000085c00000| Untracked 
|  93|0x0000000085d00000, 0x0000000085d00000, 0x0000000085e00000|  0%| F|  |TAMS 0x0000000085d00000, 0x0000000085d00000| Untracked 
|  94|0x0000000085e00000, 0x0000000085e00000, 0x0000000085f00000|  0%| F|  |TAMS 0x0000000085e00000, 0x0000000085e00000| Untracked 
|  95|0x0000000085f00000, 0x0000000085f00000, 0x0000000086000000|  0%| F|  |TAMS 0x0000000085f00000, 0x0000000085f00000| Untracked 
|  96|0x0000000086000000, 0x0000000086000000, 0x0000000086100000|  0%| F|  |TAMS 0x0000000086000000, 0x0000000086000000| Untracked 
|  97|0x0000000086100000, 0x0000000086100000, 0x0000000086200000|  0%| F|  |TAMS 0x0000000086100000, 0x0000000086100000| Untracked 
|  98|0x0000000086200000, 0x0000000086200000, 0x0000000086300000|  0%| F|  |TAMS 0x0000000086200000, 0x0000000086200000| Untracked 
|  99|0x0000000086300000, 0x0000000086300000, 0x0000000086400000|  0%| F|  |TAMS 0x0000000086300000, 0x0000000086300000| Untracked 
| 100|0x0000000086400000, 0x0000000086400000, 0x0000000086500000|  0%| F|  |TAMS 0x0000000086400000, 0x0000000086400000| Untracked 
| 101|0x0000000086500000, 0x0000000086500000, 0x0000000086600000|  0%| F|  |TAMS 0x0000000086500000, 0x0000000086500000| Untracked 
| 102|0x0000000086600000, 0x0000000086600000, 0x0000000086700000|  0%| F|  |TAMS 0x0000000086600000, 0x0000000086600000| Untracked 
| 103|0x0000000086700000, 0x0000000086700000, 0x0000000086800000|  0%| F|  |TAMS 0x0000000086700000, 0x0000000086700000| Untracked 
| 104|0x0000000086800000, 0x0000000086800000, 0x0000000086900000|  0%| F|  |TAMS 0x0000000086800000, 0x0000000086800000| Untracked 
| 105|0x0000000086900000, 0x0000000086900000, 0x0000000086a00000|  0%| F|  |TAMS 0x0000000086900000, 0x0000000086900000| Untracked 
| 106|0x0000000086a00000, 0x0000000086a00000, 0x0000000086b00000|  0%| F|  |TAMS 0x0000000086a00000, 0x0000000086a00000| Untracked 
| 107|0x0000000086b00000, 0x0000000086b00000, 0x0000000086c00000|  0%| F|  |TAMS 0x0000000086b00000, 0x0000000086b00000| Untracked 
| 108|0x0000000086c00000, 0x0000000086c00000, 0x0000000086d00000|  0%| F|  |TAMS 0x0000000086c00000, 0x0000000086c00000| Untracked 
| 109|0x0000000086d00000, 0x0000000086d00000, 0x0000000086e00000|  0%| F|  |TAMS 0x0000000086d00000, 0x0000000086d00000| Untracked 
| 110|0x0000000086e00000, 0x0000000086e00000, 0x0000000086f00000|  0%| F|  |TAMS 0x0000000086e00000, 0x0000000086e00000| Untracked 
| 111|0x0000000086f00000, 0x0000000086f00000, 0x0000000087000000|  0%| F|  |TAMS 0x0000000086f00000, 0x0000000086f00000| Untracked 
| 112|0x0000000087000000, 0x0000000087000000, 0x0000000087100000|  0%| F|  |TAMS 0x0000000087000000, 0x0000000087000000| Untracked 
| 113|0x0000000087100000, 0x0000000087100000, 0x0000000087200000|  0%| F|  |TAMS 0x0000000087100000, 0x0000000087100000| Untracked 
| 114|0x0000000087200000, 0x0000000087200000, 0x0000000087300000|  0%| F|  |TAMS 0x0000000087200000, 0x0000000087200000| Untracked 
| 115|0x0000000087300000, 0x0000000087300000, 0x0000000087400000|  0%| F|  |TAMS 0x0000000087300000, 0x0000000087300000| Untracked 
| 116|0x0000000087400000, 0x0000000087400000, 0x0000000087500000|  0%| F|  |TAMS 0x0000000087400000, 0x0000000087400000| Untracked 
| 117|0x0000000087500000, 0x0000000087500000, 0x0000000087600000|  0%| F|  |TAMS 0x0000000087500000, 0x0000000087500000| Untracked 
| 118|0x0000000087600000, 0x0000000087600000, 0x0000000087700000|  0%| F|  |TAMS 0x0000000087600000, 0x0000000087600000| Untracked 
| 119|0x0000000087700000, 0x0000000087800000, 0x0000000087800000|100%| E|  |TAMS 0x0000000087700000, 0x0000000087700000| Complete 
| 120|0x0000000087800000, 0x0000000087900000, 0x0000000087900000|100%| E|CS|TAMS 0x0000000087800000, 0x0000000087800000| Complete 
| 121|0x0000000087900000, 0x0000000087a00000, 0x0000000087a00000|100%| E|CS|TAMS 0x0000000087900000, 0x0000000087900000| Complete 
| 122|0x0000000087a00000, 0x0000000087b00000, 0x0000000087b00000|100%| E|CS|TAMS 0x0000000087a00000, 0x0000000087a00000| Complete 
| 123|0x0000000087b00000, 0x0000000087c00000, 0x0000000087c00000|100%| E|CS|TAMS 0x0000000087b00000, 0x0000000087b00000| Complete 
| 124|0x0000000087c00000, 0x0000000087d00000, 0x0000000087d00000|100%| E|CS|TAMS 0x0000000087c00000, 0x0000000087c00000| Complete 
| 125|0x0000000087d00000, 0x0000000087e00000, 0x0000000087e00000|100%| E|CS|TAMS 0x0000000087d00000, 0x0000000087d00000| Complete 
| 126|0x0000000087e00000, 0x0000000087f00000, 0x0000000087f00000|100%| E|CS|TAMS 0x0000000087e00000, 0x0000000087e00000| Complete 
| 127|0x0000000087f00000, 0x0000000088000000, 0x0000000088000000|100%| E|CS|TAMS 0x0000000087f00000, 0x0000000087f00000| Complete 
| 128|0x0000000088000000, 0x0000000088100000, 0x0000000088100000|100%| E|CS|TAMS 0x0000000088000000, 0x0000000088000000| Complete 
| 129|0x0000000088100000, 0x0000000088200000, 0x0000000088200000|100%| E|CS|TAMS 0x0000000088100000, 0x0000000088100000| Complete 
| 130|0x0000000088200000, 0x0000000088300000, 0x0000000088300000|100%| E|CS|TAMS 0x0000000088200000, 0x0000000088200000| Complete 
| 131|0x0000000088300000, 0x0000000088400000, 0x0000000088400000|100%| E|CS|TAMS 0x0000000088300000, 0x0000000088300000| Complete 
| 132|0x0000000088400000, 0x0000000088500000, 0x0000000088500000|100%| E|CS|TAMS 0x0000000088400000, 0x0000000088400000| Complete 
| 133|0x0000000088500000, 0x0000000088600000, 0x0000000088600000|100%| E|CS|TAMS 0x0000000088500000, 0x0000000088500000| Complete 
| 134|0x0000000088600000, 0x0000000088700000, 0x0000000088700000|100%| E|CS|TAMS 0x0000000088600000, 0x0000000088600000| Complete 
| 135|0x0000000088700000, 0x0000000088800000, 0x0000000088800000|100%| E|CS|TAMS 0x0000000088700000, 0x0000000088700000| Complete 
| 136|0x0000000088800000, 0x0000000088900000, 0x0000000088900000|100%| E|CS|TAMS 0x0000000088800000, 0x0000000088800000| Complete 
| 137|0x0000000088900000, 0x0000000088a00000, 0x0000000088a00000|100%| E|CS|TAMS 0x0000000088900000, 0x0000000088900000| Complete 
| 138|0x0000000088a00000, 0x0000000088b00000, 0x0000000088b00000|100%| E|CS|TAMS 0x0000000088a00000, 0x0000000088a00000| Complete 
| 139|0x0000000088b00000, 0x0000000088c00000, 0x0000000088c00000|100%| E|CS|TAMS 0x0000000088b00000, 0x0000000088b00000| Complete 
| 140|0x0000000088c00000, 0x0000000088d00000, 0x0000000088d00000|100%| E|CS|TAMS 0x0000000088c00000, 0x0000000088c00000| Complete 
| 141|0x0000000088d00000, 0x0000000088e00000, 0x0000000088e00000|100%| E|CS|TAMS 0x0000000088d00000, 0x0000000088d00000| Complete 
| 142|0x0000000088e00000, 0x0000000088f00000, 0x0000000088f00000|100%| E|CS|TAMS 0x0000000088e00000, 0x0000000088e00000| Complete 
| 143|0x0000000088f00000, 0x0000000089000000, 0x0000000089000000|100%| E|CS|TAMS 0x0000000088f00000, 0x0000000088f00000| Complete 
| 144|0x0000000089000000, 0x0000000089100000, 0x0000000089100000|100%| E|CS|TAMS 0x0000000089000000, 0x0000000089000000| Complete 
| 145|0x0000000089100000, 0x0000000089200000, 0x0000000089200000|100%| E|CS|TAMS 0x0000000089100000, 0x0000000089100000| Complete 
| 146|0x0000000089200000, 0x0000000089300000, 0x0000000089300000|100%| E|CS|TAMS 0x0000000089200000, 0x0000000089200000| Complete 
| 147|0x0000000089300000, 0x0000000089400000, 0x0000000089400000|100%| E|CS|TAMS 0x0000000089300000, 0x0000000089300000| Complete 
| 148|0x0000000089400000, 0x0000000089500000, 0x0000000089500000|100%| E|CS|TAMS 0x0000000089400000, 0x0000000089400000| Complete 
| 149|0x0000000089500000, 0x0000000089600000, 0x0000000089600000|100%| E|CS|TAMS 0x0000000089500000, 0x0000000089500000| Complete 
| 150|0x0000000089600000, 0x0000000089700000, 0x0000000089700000|100%| E|CS|TAMS 0x0000000089600000, 0x0000000089600000| Complete 
| 151|0x0000000089700000, 0x0000000089800000, 0x0000000089800000|100%| E|CS|TAMS 0x0000000089700000, 0x0000000089700000| Complete 

Card table byte_map: [0x0000018d78390000,0x0000018d78790000] _byte_map_base: 0x0000018d77f90000

Marking Bits (Prev, Next): (CMBitMap*) 0x0000018d7416c690, (CMBitMap*) 0x0000018d7416c658
 Prev Bits: [0x0000018d7ab90000, 0x0000018d7cb90000)
 Next Bits: [0x0000018d78b90000, 0x0000018d7ab90000)

Polling page: 0x0000018d720c0000

Metaspace:

Usage:
  Non-class:     54.44 MB capacity,    53.54 MB ( 98%) used,   753.62 KB (  1%) free+waste,   175.19 KB ( <1%) overhead. 
      Class:      8.29 MB capacity,     7.70 MB ( 93%) used,   521.09 KB (  6%) free+waste,    83.56 KB ( <1%) overhead. 
       Both:     62.74 MB capacity,    61.24 MB ( 98%) used,     1.24 MB (  2%) free+waste,   258.75 KB ( <1%) overhead. 

Virtual space:
  Non-class space:       56.00 MB reserved,      54.63 MB ( 98%) committed 
      Class space:        1.00 GB reserved,       8.32 MB ( <1%) committed 
             Both:        1.05 GB reserved,      62.95 MB (  6%) committed 

Chunk freelists:
   Non-Class:  62.00 KB
       Class:  19.00 KB
        Both:  81.00 KB

MaxMetaspaceSize: 17179869184.00 GB
CompressedClassSpaceSize: 1.00 GB
Initial GC threshold: 20.80 MB
Current GC threshold: 68.05 MB
CDS: off

CodeHeap 'non-profiled nmethods': size=120000Kb used=3111Kb max_used=3111Kb free=116888Kb
 bounds [0x0000018d07ad0000, 0x0000018d07de0000, 0x0000018d0f000000]
CodeHeap 'profiled nmethods': size=120000Kb used=12433Kb max_used=12433Kb free=107566Kb
 bounds [0x0000018d005a0000, 0x0000018d011d0000, 0x0000018d07ad0000]
CodeHeap 'non-nmethods': size=5760Kb used=2356Kb max_used=2388Kb free=3403Kb
 bounds [0x0000018d00000000, 0x0000018d00270000, 0x0000018d005a0000]
 total_blobs=7090 nmethods=6228 adapters=774
 compilation: enabled
              stopped_count=0, restarted_count=0
 full_count=0

Compilation events (20 events):
Event: 9.504 Thread 0x0000018d7f5f6000 6257  s    3       java.util.jar.JarFile::getInputStream (72 bytes)
Event: 9.505 Thread 0x0000018d7f5f6000 nmethod 6257 0x0000018d0119f290 code [0x0000018d0119f4c0, 0x0000018d0119fad8]
Event: 9.521 Thread 0x0000018d7f5f6000 6259   !   2       java.lang.ClassLoader::checkCerts (195 bytes)
Event: 9.522 Thread 0x0000018d7f5f6000 nmethod 6259 0x0000018d0119fc90 code [0x0000018d0119ff20, 0x0000018d011a0808]
Event: 9.522 Thread 0x0000018d7f5f6000 6260       3       jdk.internal.loader.URLClassPath$JarLoader$2::getManifest (26 bytes)
Event: 9.522 Thread 0x0000018d7f5f6000 nmethod 6260 0x0000018d011a0d10 code [0x0000018d011a0f20, 0x0000018d011a13c8]
Event: 9.522 Thread 0x0000018d7f5f6000 6261  s!   3       java.util.jar.JarFile::ensureInitialization (74 bytes)
Event: 9.523 Thread 0x0000018d7f5f6000 nmethod 6261 0x0000018d011a1610 code [0x0000018d011a18e0, 0x0000018d011a2ac8]
Event: 9.525 Thread 0x0000018d7f5f6000 6262       3       com.google.common.collect.MapMakerInternalMap$Segment::copyEntry (19 bytes)
Event: 9.525 Thread 0x0000018d7f5f6000 nmethod 6262 0x0000018d011a2f90 code [0x0000018d011a3160, 0x0000018d011a33f8]
Event: 9.525 Thread 0x0000018d7f5f6000 6263       3       com.google.common.collect.MapMakerInternalMap$StrongKeyWeakValueEntry$Helper::copy (17 bytes)
Event: 9.526 Thread 0x0000018d7f5f6000 nmethod 6263 0x0000018d011a3510 code [0x0000018d011a3720, 0x0000018d011a3df8]
Event: 9.526 Thread 0x0000018d7f5f6000 6264       3       com.google.common.collect.MapMakerInternalMap$StrongKeyWeakValueEntry$Helper::copy (19 bytes)
Event: 9.526 Thread 0x0000018d7f5f6000 nmethod 6264 0x0000018d011a4010 code [0x0000018d011a4240, 0x0000018d011a4a58]
Event: 9.527 Thread 0x0000018d7f5f6000 6265   !   3       jdk.internal.loader.URLClassPath$JarLoader::getResource (65 bytes)
Event: 9.528 Thread 0x0000018d7f5f6000 nmethod 6265 0x0000018d011a4d10 code [0x0000018d011a4f80, 0x0000018d011a5968]
Event: 9.529 Thread 0x0000018d7f5f6000 6267       3       java.security.CodeSource::<init> (52 bytes)
Event: 9.530 Thread 0x0000018d7f5f6000 nmethod 6267 0x0000018d011a5c90 code [0x0000018d011a5e80, 0x0000018d011a63f8]
Event: 9.530 Thread 0x0000018d7f5f6000 6268       3       java.lang.ClassLoader::postDefineClass (39 bytes)
Event: 9.530 Thread 0x0000018d7f5f6000 nmethod 6268 0x0000018d011a6510 code [0x0000018d011a6700, 0x0000018d011a6a18]

GC Heap History (20 events):
Event: 2.201 GC heap before
{Heap before GC invocations=1 (full 0):
 garbage-first heap   total 129024K, used 84350K [0x0000000080000000, 0x0000000100000000)
  region size 1024K, 75 young (76800K), 3 survivors (3072K)
 Metaspace       used 17952K, capacity 18325K, committed 18432K, reserved 1064960K
  class space    used 2094K, capacity 2242K, committed 2304K, reserved 1048576K
}
Event: 2.206 GC heap after
{Heap after GC invocations=2 (full 0):
 garbage-first heap   total 129024K, used 16385K [0x0000000080000000, 0x0000000100000000)
  region size 1024K, 10 young (10240K), 10 survivors (10240K)
 Metaspace       used 17952K, capacity 18325K, committed 18432K, reserved 1064960K
  class space    used 2094K, capacity 2242K, committed 2304K, reserved 1048576K
}
Event: 2.416 GC heap before
{Heap before GC invocations=2 (full 0):
 garbage-first heap   total 129024K, used 40961K [0x0000000080000000, 0x0000000100000000)
  region size 1024K, 35 young (35840K), 10 survivors (10240K)
 Metaspace       used 20761K, capacity 21187K, committed 21296K, reserved 1069056K
  class space    used 2515K, capacity 2685K, committed 2688K, reserved 1048576K
}
Event: 2.422 GC heap after
{Heap after GC invocations=3 (full 0):
 garbage-first heap   total 129024K, used 17602K [0x0000000080000000, 0x0000000100000000)
  region size 1024K, 1 young (1024K), 1 survivors (1024K)
 Metaspace       used 20761K, capacity 21187K, committed 21296K, reserved 1069056K
  class space    used 2515K, capacity 2685K, committed 2688K, reserved 1048576K
}
Event: 2.927 GC heap before
{Heap before GC invocations=4 (full 0):
 garbage-first heap   total 129024K, used 72898K [0x0000000080000000, 0x0000000100000000)
  region size 1024K, 55 young (56320K), 1 survivors (1024K)
 Metaspace       used 26859K, capacity 27547K, committed 27772K, reserved 1073152K
  class space    used 3481K, capacity 3734K, committed 3788K, reserved 1048576K
}
Event: 2.930 GC heap after
{Heap after GC invocations=5 (full 0):
 garbage-first heap   total 129024K, used 19557K [0x0000000080000000, 0x0000000100000000)
  region size 1024K, 3 young (3072K), 3 survivors (3072K)
 Metaspace       used 26859K, capacity 27547K, committed 27772K, reserved 1073152K
  class space    used 3481K, capacity 3734K, committed 3788K, reserved 1048576K
}
Event: 3.508 GC heap before
{Heap before GC invocations=5 (full 0):
 garbage-first heap   total 129024K, used 79973K [0x0000000080000000, 0x0000000100000000)
  region size 1024K, 62 young (63488K), 3 survivors (3072K)
 Metaspace       used 32987K, capacity 33774K, committed 33916K, reserved 1079296K
  class space    used 4432K, capacity 4728K, committed 4812K, reserved 1048576K
}
Event: 3.511 GC heap after
{Heap after GC invocations=6 (full 0):
 garbage-first heap   total 129024K, used 21698K [0x0000000080000000, 0x0000000100000000)
  region size 1024K, 5 young (5120K), 5 survivors (5120K)
 Metaspace       used 32987K, capacity 33774K, committed 33916K, reserved 1079296K
  class space    used 4432K, capacity 4728K, committed 4812K, reserved 1048576K
}
Event: 3.662 GC heap before
{Heap before GC invocations=6 (full 0):
 garbage-first heap   total 129024K, used 28866K [0x0000000080000000, 0x0000000100000000)
  region size 1024K, 13 young (13312K), 5 survivors (5120K)
 Metaspace       used 35069K, capacity 35953K, committed 36048K, reserved 1081344K
  class space    used 4565K, capacity 4921K, committed 4940K, reserved 1048576K
}
Event: 3.668 GC heap after
{Heap after GC invocations=7 (full 0):
 garbage-first heap   total 129024K, used 22949K [0x0000000080000000, 0x0000000100000000)
  region size 1024K, 6 young (6144K), 6 survivors (6144K)
 Metaspace       used 35069K, capacity 35953K, committed 36048K, reserved 1081344K
  class space    used 4565K, capacity 4921K, committed 4940K, reserved 1048576K
}
Event: 4.150 GC heap before
{Heap before GC invocations=8 (full 0):
 garbage-first heap   total 129024K, used 73125K [0x0000000080000000, 0x0000000100000000)
  region size 1024K, 52 young (53248K), 6 survivors (6144K)
 Metaspace       used 40451K, capacity 41483K, committed 41808K, reserved 1085440K
  class space    used 5109K, capacity 5480K, committed 5580K, reserved 1048576K
}
Event: 4.159 GC heap after
{Heap after GC invocations=9 (full 0):
 garbage-first heap   total 129024K, used 27096K [0x0000000080000000, 0x0000000100000000)
  region size 1024K, 7 young (7168K), 7 survivors (7168K)
 Metaspace       used 40451K, capacity 41483K, committed 41808K, reserved 1085440K
  class space    used 5109K, capacity 5480K, committed 5580K, reserved 1048576K
}
Event: 4.707 GC heap before
{Heap before GC invocations=10 (full 0):
 garbage-first heap   total 129024K, used 75224K [0x0000000080000000, 0x0000000100000000)
  region size 1024K, 54 young (55296K), 7 survivors (7168K)
 Metaspace       used 43555K, capacity 44585K, committed 44880K, reserved 1087488K
  class space    used 5588K, capacity 5992K, committed 6092K, reserved 1048576K
}
Event: 4.716 GC heap after
{Heap after GC invocations=11 (full 0):
 garbage-first heap   total 129024K, used 30377K [0x0000000080000000, 0x0000000100000000)
  region size 1024K, 4 young (4096K), 4 survivors (4096K)
 Metaspace       used 43555K, capacity 44585K, committed 44880K, reserved 1087488K
  class space    used 5588K, capacity 5992K, committed 6092K, reserved 1048576K
}
Event: 5.293 GC heap before
{Heap before GC invocations=11 (full 0):
 garbage-first heap   total 129024K, used 80553K [0x0000000080000000, 0x0000000100000000)
  region size 1024K, 52 young (53248K), 4 survivors (4096K)
 Metaspace       used 47783K, capacity 48909K, committed 49232K, reserved 1091584K
  class space    used 6102K, capacity 6515K, committed 6604K, reserved 1048576K
}
Event: 5.297 GC heap after
{Heap after GC invocations=12 (full 0):
 garbage-first heap   total 155648K, used 31552K [0x0000000080000000, 0x0000000100000000)
  region size 1024K, 5 young (5120K), 5 survivors (5120K)
 Metaspace       used 47783K, capacity 48909K, committed 49232K, reserved 1091584K
  class space    used 6102K, capacity 6515K, committed 6604K, reserved 1048576K
}
Event: 6.200 GC heap before
{Heap before GC invocations=12 (full 0):
 garbage-first heap   total 155648K, used 97088K [0x0000000080000000, 0x0000000100000000)
  region size 1024K, 67 young (68608K), 5 survivors (5120K)
 Metaspace       used 50898K, capacity 52260K, committed 52560K, reserved 1095680K
  class space    used 6455K, capacity 6980K, committed 7116K, reserved 1048576K
}
Event: 6.207 GC heap after
{Heap after GC invocations=13 (full 0):
 garbage-first heap   total 155648K, used 41404K [0x0000000080000000, 0x0000000100000000)
  region size 1024K, 9 young (9216K), 9 survivors (9216K)
 Metaspace       used 50898K, capacity 52260K, committed 52560K, reserved 1095680K
  class space    used 6455K, capacity 6980K, committed 7116K, reserved 1048576K
}
Event: 8.851 GC heap before
{Heap before GC invocations=13 (full 0):
 garbage-first heap   total 155648K, used 102844K [0x0000000080000000, 0x0000000100000000)
  region size 1024K, 69 young (70656K), 9 survivors (9216K)
 Metaspace       used 59545K, capacity 61190K, committed 61392K, reserved 1101824K
  class space    used 7514K, capacity 8166K, committed 8268K, reserved 1048576K
}
Event: 8.861 GC heap after
{Heap after GC invocations=14 (full 0):
 garbage-first heap   total 155648K, used 44375K [0x0000000080000000, 0x0000000100000000)
  region size 1024K, 3 young (3072K), 3 survivors (3072K)
 Metaspace       used 59545K, capacity 61190K, committed 61392K, reserved 1101824K
  class space    used 7514K, capacity 8166K, committed 8268K, reserved 1048576K
}

Deoptimization events (20 events):
Event: 9.352 Thread 0x0000018d121c2000 DEOPT PACKING pc=0x0000018d0116dcc2 sp=0x0000004c372f24b0
Event: 9.352 Thread 0x0000018d121c2000 DEOPT UNPACKING pc=0x0000018d00049d0e sp=0x0000004c372f1908 mode 0
Event: 9.352 Thread 0x0000018d121c2000 DEOPT PACKING pc=0x0000018d0116dbd7 sp=0x0000004c372f24b0
Event: 9.352 Thread 0x0000018d121c2000 DEOPT UNPACKING pc=0x0000018d00049d0e sp=0x0000004c372f1908 mode 0
Event: 9.352 Thread 0x0000018d121c2000 DEOPT PACKING pc=0x0000018d0116dbd7 sp=0x0000004c372f24b0
Event: 9.352 Thread 0x0000018d121c2000 DEOPT UNPACKING pc=0x0000018d00049d0e sp=0x0000004c372f1908 mode 0
Event: 9.352 Thread 0x0000018d121c2000 DEOPT PACKING pc=0x0000018d0116dbd7 sp=0x0000004c372f24b0
Event: 9.352 Thread 0x0000018d121c2000 DEOPT UNPACKING pc=0x0000018d00049d0e sp=0x0000004c372f1908 mode 0
Event: 9.352 Thread 0x0000018d121c2000 DEOPT PACKING pc=0x0000018d0116dcc2 sp=0x0000004c372f24b0
Event: 9.352 Thread 0x0000018d121c2000 DEOPT UNPACKING pc=0x0000018d00049d0e sp=0x0000004c372f1908 mode 0
Event: 9.352 Thread 0x0000018d121c2000 DEOPT PACKING pc=0x0000018d0116dcc2 sp=0x0000004c372f24b0
Event: 9.352 Thread 0x0000018d121c2000 DEOPT UNPACKING pc=0x0000018d00049d0e sp=0x0000004c372f1908 mode 0
Event: 9.352 Thread 0x0000018d121c2000 DEOPT PACKING pc=0x0000018d0116dcc2 sp=0x0000004c372f24b0
Event: 9.352 Thread 0x0000018d121c2000 DEOPT UNPACKING pc=0x0000018d00049d0e sp=0x0000004c372f1908 mode 0
Event: 9.353 Thread 0x0000018d121c2000 DEOPT PACKING pc=0x0000018d0116dcc2 sp=0x0000004c372f24b0
Event: 9.353 Thread 0x0000018d121c2000 DEOPT UNPACKING pc=0x0000018d00049d0e sp=0x0000004c372f1908 mode 0
Event: 9.353 Thread 0x0000018d121c2000 DEOPT PACKING pc=0x0000018d0116dcc2 sp=0x0000004c372f24b0
Event: 9.353 Thread 0x0000018d121c2000 DEOPT UNPACKING pc=0x0000018d00049d0e sp=0x0000004c372f1908 mode 0
Event: 9.353 Thread 0x0000018d121c2000 DEOPT PACKING pc=0x0000018d0116dbd7 sp=0x0000004c372f24b0
Event: 9.353 Thread 0x0000018d121c2000 DEOPT UNPACKING pc=0x0000018d00049d0e sp=0x0000004c372f1908 mode 0

Classes redefined (0 events):
No events

Internal exceptions (20 events):
Event: 6.240 Thread 0x0000018d121c2000 Exception <a 'java/lang/NoSuchMethodError'{0x000000008969ad30}: 'java.lang.Object java.lang.invoke.DirectMethodHandle$Holder.invokeStatic(java.lang.Object, java.lang.Object, java.lang.Object, java.lang.Object, int)'> (0x000000008969ad30) thrown at [src/hotspot/share/interpreter/linkResolver.cpp, line 773]
Event: 6.241 Thread 0x0000018d121c2000 Exception <a 'java/lang/NoSuchMethodError'{0x000000008969f908}: 'java.lang.Object java.lang.invoke.DirectMethodHandle$Holder.invokeSpecial(java.lang.Object, java.lang.Object, java.lang.Object, java.lang.Object, java.lang.Object, int)'> (0x000000008969f908) thrown at [src/hotspot/share/interpreter/linkResolver.cpp, line 773]
Event: 6.241 Thread 0x0000018d121c2000 Exception <a 'java/lang/NoSuchMethodError'{0x00000000896a3f48}: 'java.lang.Object java.lang.invoke.Invokers$Holder.linkToTargetMethod(java.lang.Object, java.lang.Object, java.lang.Object, int, java.lang.Object)'> (0x00000000896a3f48) thrown at [src/hotspot/share/interpreter/linkResolver.cpp, line 773]
Event: 6.253 Thread 0x0000018d121c2000 Exception <a 'java/lang/NoSuchMethodError'{0x000000008956c340}: 'java.lang.Object java.lang.invoke.Invokers$Holder.linkToTargetMethod(java.lang.Object, int, int, java.lang.Object)'> (0x000000008956c340) thrown at [src/hotspot/share/interpreter/linkResolver.cpp, line 773]
Event: 6.258 Thread 0x0000018d121c2000 Exception <a 'java/lang/NoSuchMethodError'{0x0000000089583ee8}: 'java.lang.Object java.lang.invoke.DirectMethodHandle$Holder.invokeStatic(java.lang.Object, java.lang.Object, int, int, java.lang.Object, java.lang.Object)'> (0x0000000089583ee8) thrown at [src/hotspot/share/interpreter/linkResolver.cpp, line 773]
Event: 6.732 Thread 0x0000018d121c2000 Exception <a 'java/lang/NoSuchMethodError'{0x00000000886fca78}: 'java.lang.Object java.lang.invoke.DirectMethodHandle$Holder.invokeStatic(java.lang.Object, java.lang.Object, java.lang.Object, java.lang.Object, java.lang.Object, java.lang.Object, java.lang.Object, java.lang.Object, java.lang.Object, java.lang.Object, java.lang.Object, java.lang.Object, java.lang.Object, int)'> (0x00000000886fca78) thrown at [src/hotspot/share/interpreter/linkResolver.cpp, line 773]
Event: 6.733 Thread 0x0000018d121c2000 Exception <a 'java/lang/NoSuchMethodError'{0x000000008850a9f8}: 'java.lang.Object java.lang.invoke.DirectMethodHandle$Holder.invokeStatic(java.lang.Object, java.lang.Object, java.lang.Object, java.lang.Object, java.lang.Object, java.lang.Object, java.lang.Object, java.lang.Object, java.lang.Object, java.lang.Object, java.lang.Object, java.lang.Object, java.lang.Object, int, int)'> (0x000000008850a9f8) thrown at [src/hotspot/share/interpreter/linkResolver.cpp, line 773]
Event: 6.843 Thread 0x0000018d121c2000 Exception <a 'java/lang/NoSuchMethodError'{0x000000008835ea98}: 'int java.lang.invoke.DirectMethodHandle$Holder.invokeInterface(java.lang.Object, java.lang.Object, java.lang.Object, java.lang.Object)'> (0x000000008835ea98) thrown at [src/hotspot/share/interpreter/linkResolver.cpp, line 773]
Event: 8.323 Thread 0x0000018d121c2000 Exception <a 'java/lang/NoSuchMethodError'{0x0000000086a01b70}: 'java.lang.Object java.lang.invoke.DirectMethodHandle$Holder.invokeSpecial(java.lang.Object, java.lang.Object, int, int, int, java.lang.Object, java.lang.Object, java.lang.Object, java.lang.Object)'> (0x0000000086a01b70) thrown at [src/hotspot/share/interpreter/linkResolver.cpp, line 773]
Event: 8.324 Thread 0x0000018d121c2000 Exception <a 'java/lang/NoSuchMethodError'{0x0000000086a06318}: 'java.lang.Object java.lang.invoke.DelegatingMethodHandle$Holder.reinvoke_L(java.lang.Object, int, int, int, java.lang.Object, java.lang.Object, java.lang.Object, java.lang.Object)'> (0x0000000086a06318) thrown at [src/hotspot/share/interpreter/linkResolver.cpp, line 773]
Event: 8.326 Thread 0x0000018d121c2000 Exception <a 'java/lang/NoSuchMethodError'{0x0000000086a0e9c8}: 'java.lang.Object java.lang.invoke.DirectMethodHandle$Holder.invokeStatic(java.lang.Object, java.lang.Object, java.lang.Object, java.lang.Object, java.lang.Object, int)'> (0x0000000086a0e9c8) thrown at [src/hotspot/share/interpreter/linkResolver.cpp, line 773]
Event: 8.600 Thread 0x0000018d121c2000 Exception <a 'java/lang/NoSuchMethodError'{0x00000000862c3c50}: 'java.lang.Object java.lang.invoke.DirectMethodHandle$Holder.invokeSpecial(java.lang.Object, java.lang.Object, int, int, java.lang.Object, java.lang.Object, java.lang.Object)'> (0x00000000862c3c50) thrown at [src/hotspot/share/interpreter/linkResolver.cpp, line 773]
Event: 8.600 Thread 0x0000018d121c2000 Exception <a 'java/lang/NoSuchMethodError'{0x00000000862c8720}: 'java.lang.Object java.lang.invoke.DelegatingMethodHandle$Holder.reinvoke_L(java.lang.Object, int, int, java.lang.Object, java.lang.Object, java.lang.Object)'> (0x00000000862c8720) thrown at [src/hotspot/share/interpreter/linkResolver.cpp, line 773]
Event: 8.602 Thread 0x0000018d121c2000 Exception <a 'java/lang/NoSuchMethodError'{0x00000000862deff0}: 'java.lang.Object java.lang.invoke.DirectMethodHandle$Holder.invokeStatic(java.lang.Object, java.lang.Object, java.lang.Object, java.lang.Object, int, int)'> (0x00000000862deff0) thrown at [src/hotspot/share/interpreter/linkResolver.cpp, line 773]
Event: 8.603 Thread 0x0000018d121c2000 Exception <a 'java/lang/NoSuchMethodError'{0x00000000862f5668}: 'java.lang.Object java.lang.invoke.DirectMethodHandle$Holder.invokeStatic(java.lang.Object, java.lang.Object, java.lang.Object, java.lang.Object, int, int, java.lang.Object)'> (0x00000000862f5668) thrown at [src/hotspot/share/interpreter/linkResolver.cpp, line 773]
Event: 8.604 Thread 0x0000018d121c2000 Exception <a 'java/lang/NoSuchMethodError'{0x000000008610db18}: 'java.lang.Object java.lang.invoke.DirectMethodHandle$Holder.invokeStatic(java.lang.Object, java.lang.Object, java.lang.Object, java.lang.Object, int, int, java.lang.Object, java.lang.Object)'> (0x000000008610db18) thrown at [src/hotspot/share/interpreter/linkResolver.cpp, line 773]
Event: 8.606 Thread 0x0000018d121c2000 Exception <a 'java/lang/NoSuchMethodError'{0x0000000086127090}: 'java.lang.Object java.lang.invoke.DirectMethodHandle$Holder.invokeStatic(java.lang.Object, java.lang.Object, java.lang.Object, java.lang.Object, int, int, java.lang.Object, java.lang.Object, java.lang.Object)'> (0x0000000086127090) thrown at [src/hotspot/share/interpreter/linkResolver.cpp, line 773]
Event: 8.690 Thread 0x0000018d121c2000 Exception <a 'java/lang/IncompatibleClassChangeError'{0x000000008604dbb8}: Found class java.lang.Object, but interface was expected> (0x000000008604dbb8) thrown at [src/hotspot/share/interpreter/linkResolver.cpp, line 839]
Event: 8.958 Thread 0x0000018d121c2000 Implicit null exception at 0x0000018d07c8788d to 0x0000018d07c87a9c
Event: 9.453 Thread 0x0000018d121c2000 Exception <a 'sun/nio/fs/WindowsException'{0x00000000880620d8}> (0x00000000880620d8) thrown at [src/hotspot/share/prims/jni.cpp, line 617]

Events (20 events):
Event: 9.533 loading class com/android/build/gradle/internal/dsl/ViewBindingOptionsImpl
Event: 9.533 loading class com/android/build/gradle/internal/dsl/ViewBindingOptionsImpl done
Event: 9.533 loading class com/android/build/gradle/api/ViewBindingOptions
Event: 9.533 loading class com/android/build/gradle/api/ViewBindingOptions done
Event: 9.534 loading class com/android/build/api/dsl/FusedLibraryExtension
Event: 9.534 loading class com/android/build/api/dsl/FusedLibraryExtension done
Event: 9.534 loading class com/android/build/gradle/internal/dsl/FusedLibraryExtensionImpl
Event: 9.534 loading class com/android/build/gradle/internal/dsl/FusedLibraryExtensionImpl done
Event: 9.535 loading class com/android/build/api/dsl/PrivacySandboxSdkExtension
Event: 9.535 loading class com/android/build/api/dsl/PrivacySandboxSdkExtension done
Event: 9.535 loading class com/android/build/gradle/internal/dsl/PrivacySandboxSdkExtensionImpl
Event: 9.535 loading class com/android/build/gradle/internal/dsl/PrivacySandboxSdkExtensionImpl done
Event: 9.536 loading class com/android/build/gradle/internal/dsl/InternalPrivacySandboxSdkExtension
Event: 9.536 loading class com/android/build/gradle/internal/dsl/InternalPrivacySandboxSdkExtension done
Event: 9.536 loading class com/android/build/api/dsl/PrivacySandboxSdkBundle
Event: 9.536 loading class com/android/build/api/dsl/PrivacySandboxSdkBundle done
Event: 9.536 loading class com/android/build/gradle/internal/dsl/PrivacySandboxSdkBundleImpl
Event: 9.536 loading class com/android/build/gradle/internal/dsl/PrivacySandboxSdkBundleImpl done
Event: 9.536 loading class com/android/build/gradle/internal/dsl/decorator/DslDecorator
Event: 9.536 loading class com/android/build/gradle/internal/dsl/decorator/DslDecorator done


Dynamic libraries:
0x00007ff753750000 - 0x00007ff75375a000 	C:\Program Files\Android\Android Studio\jbr\bin\java.exe
0x00007fff5db90000 - 0x00007fff5dd88000 	C:\WINDOWS\SYSTEM32\ntdll.dll
0x00007fff5bf20000 - 0x00007fff5bfe1000 	C:\WINDOWS\System32\KERNEL32.DLL
0x00007fff5b6e0000 - 0x00007fff5b9dd000 	C:\WINDOWS\System32\KERNELBASE.dll
0x00007fff5b270000 - 0x00007fff5b370000 	C:\WINDOWS\System32\ucrtbase.dll
0x00007fff2c110000 - 0x00007fff2c12b000 	C:\Program Files\Android\Android Studio\jbr\bin\VCRUNTIME140.dll
0x00007fff267b0000 - 0x00007fff267c7000 	C:\Program Files\Android\Android Studio\jbr\bin\jli.dll
0x00007fff5c110000 - 0x00007fff5c2ad000 	C:\WINDOWS\System32\USER32.dll
0x00007fff3eab0000 - 0x00007fff3ed4a000 	C:\WINDOWS\WinSxS\amd64_microsoft.windows.common-controls_6595b64144ccf1df_6.0.19041.4355_none_60b8b9eb71f62e16\COMCTL32.dll
0x00007fff5b9e0000 - 0x00007fff5ba02000 	C:\WINDOWS\System32\win32u.dll
0x00007fff5d780000 - 0x00007fff5d81e000 	C:\WINDOWS\System32\msvcrt.dll
0x00007fff5bcc0000 - 0x00007fff5bceb000 	C:\WINDOWS\System32\GDI32.dll
0x00007fff5baa0000 - 0x00007fff5bbb7000 	C:\WINDOWS\System32\gdi32full.dll
0x00007fff5b520000 - 0x00007fff5b5bd000 	C:\WINDOWS\System32\msvcp_win.dll
0x00007fff5da70000 - 0x00007fff5da9f000 	C:\WINDOWS\System32\IMM32.DLL
0x00007fff463e0000 - 0x00007fff463ec000 	C:\Program Files\Android\Android Studio\jbr\bin\vcruntime140_1.dll
0x00007ffef45a0000 - 0x00007ffef462d000 	C:\Program Files\Android\Android Studio\jbr\bin\msvcp140.dll
0x00007fff28610000 - 0x00007fff291cc000 	C:\Program Files\Android\Android Studio\jbr\bin\server\jvm.dll
0x00007fff5c060000 - 0x00007fff5c110000 	C:\WINDOWS\System32\ADVAPI32.dll
0x00007fff5d820000 - 0x00007fff5d8c0000 	C:\WINDOWS\System32\sechost.dll
0x00007fff5ca20000 - 0x00007fff5cb43000 	C:\WINDOWS\System32\RPCRT4.dll
0x00007fff5b240000 - 0x00007fff5b267000 	C:\WINDOWS\System32\bcrypt.dll
0x00007fff5bbc0000 - 0x00007fff5bbc8000 	C:\WINDOWS\System32\PSAPI.DLL
0x00007fff36f70000 - 0x00007fff36f79000 	C:\WINDOWS\SYSTEM32\WSOCK32.dll
0x00007fff4d5d0000 - 0x00007fff4d5f7000 	C:\WINDOWS\SYSTEM32\WINMM.dll
0x00007fff5d160000 - 0x00007fff5d1cb000 	C:\WINDOWS\System32\WS2_32.dll
0x00007fff50a10000 - 0x00007fff50a1a000 	C:\WINDOWS\SYSTEM32\VERSION.dll
0x00007fff59d00000 - 0x00007fff59d12000 	C:\WINDOWS\SYSTEM32\kernel.appcore.dll
0x00007fff583e0000 - 0x00007fff583f0000 	C:\Program Files\Android\Android Studio\jbr\bin\verify.dll
0x00007fff59770000 - 0x00007fff59954000 	C:\WINDOWS\SYSTEM32\DBGHELP.DLL
0x00007fff39450000 - 0x00007fff39484000 	C:\WINDOWS\SYSTEM32\dbgcore.DLL
0x00007fff5ba10000 - 0x00007fff5ba92000 	C:\WINDOWS\System32\bcryptPrimitives.dll
0x00007fff567f0000 - 0x00007fff56818000 	C:\Program Files\Android\Android Studio\jbr\bin\java.dll
0x00007fff583d0000 - 0x00007fff583da000 	C:\Program Files\Android\Android Studio\jbr\bin\jimage.dll
0x00007fff56690000 - 0x00007fff566a8000 	C:\Program Files\Android\Android Studio\jbr\bin\zip.dll
0x00007fff5c2b0000 - 0x00007fff5ca1f000 	C:\WINDOWS\System32\SHELL32.dll
0x00007fff58ef0000 - 0x00007fff59693000 	C:\WINDOWS\SYSTEM32\windows.storage.dll
0x00007fff5d350000 - 0x00007fff5d6a3000 	C:\WINDOWS\System32\combase.dll
0x00007fff5ac70000 - 0x00007fff5ac9e000 	C:\WINDOWS\SYSTEM32\Wldp.dll
0x00007fff5d6b0000 - 0x00007fff5d77d000 	C:\WINDOWS\System32\OLEAUT32.dll
0x00007fff5daa0000 - 0x00007fff5db4d000 	C:\WINDOWS\System32\SHCORE.dll
0x00007fff5bbd0000 - 0x00007fff5bc25000 	C:\WINDOWS\System32\shlwapi.dll
0x00007fff5b170000 - 0x00007fff5b194000 	C:\WINDOWS\SYSTEM32\profapi.dll
0x00007fff564b0000 - 0x00007fff564c9000 	C:\Program Files\Android\Android Studio\jbr\bin\net.dll
0x00007fff57530000 - 0x00007fff5763d000 	C:\WINDOWS\SYSTEM32\WINHTTP.dll
0x00007fff5a9d0000 - 0x00007fff5aa3a000 	C:\WINDOWS\system32\mswsock.dll
0x00007fff561e0000 - 0x00007fff561f3000 	C:\Program Files\Android\Android Studio\jbr\bin\nio.dll
0x00007fff26210000 - 0x00007fff26237000 	C:\Users\HP\.gradle\native\e1d6ef7f7dcc3fd88c89a11ec53ec762bb8ba0a96d01ffa2cd45eb1d1d8dd5c5\windows-amd64\native-platform.dll
0x00007ffebfc90000 - 0x00007ffebfdd4000 	C:\Users\HP\.gradle\native\0d407fdbe67a94daf76414ababcb853783967236a71b16ec16e742cd7a986fd3\windows-amd64\native-platform-file-events.dll
0x00007fff567e0000 - 0x00007fff567ea000 	C:\Program Files\Android\Android Studio\jbr\bin\management.dll
0x00007fff543f0000 - 0x00007fff543fb000 	C:\Program Files\Android\Android Studio\jbr\bin\management_ext.dll
0x00007fff5abd0000 - 0x00007fff5abe8000 	C:\WINDOWS\SYSTEM32\CRYPTSP.dll
0x00007fff5a280000 - 0x00007fff5a2b4000 	C:\WINDOWS\system32\rsaenh.dll
0x00007fff5b130000 - 0x00007fff5b15e000 	C:\WINDOWS\SYSTEM32\USERENV.dll
0x00007fff5abc0000 - 0x00007fff5abcc000 	C:\WINDOWS\SYSTEM32\CRYPTBASE.dll
0x00007fff5a660000 - 0x00007fff5a69b000 	C:\WINDOWS\SYSTEM32\IPHLPAPI.DLL
0x00007fff5bff0000 - 0x00007fff5bff8000 	C:\WINDOWS\System32\NSI.dll
0x00007fff50f10000 - 0x00007fff50f27000 	C:\WINDOWS\SYSTEM32\dhcpcsvc6.DLL
0x00007fff50bf0000 - 0x00007fff50c0d000 	C:\WINDOWS\SYSTEM32\dhcpcsvc.DLL
0x00007fff5a700000 - 0x00007fff5a7ca000 	C:\WINDOWS\SYSTEM32\DNSAPI.dll

dbghelp: loaded successfully - version: 4.0.5 - missing functions: none
symbol engine: initialized successfully - sym options: 0x614 - pdb path: .;C:\Program Files\Android\Android Studio\jbr\bin;C:\WINDOWS\SYSTEM32;C:\WINDOWS\WinSxS\amd64_microsoft.windows.common-controls_6595b64144ccf1df_6.0.19041.4355_none_60b8b9eb71f62e16;C:\Program Files\Android\Android Studio\jbr\bin\server;C:\Users\HP\.gradle\native\e1d6ef7f7dcc3fd88c89a11ec53ec762bb8ba0a96d01ffa2cd45eb1d1d8dd5c5\windows-amd64;C:\Users\HP\.gradle\native\0d407fdbe67a94daf76414ababcb853783967236a71b16ec16e742cd7a986fd3\windows-amd64

VM Arguments:
jvm_args: --add-opens=java.base/java.util=ALL-UNNAMED --add-opens=java.base/java.lang=ALL-UNNAMED --add-opens=java.base/java.lang.invoke=ALL-UNNAMED --add-opens=java.base/java.util=ALL-UNNAMED --add-opens=java.prefs/java.util.prefs=ALL-UNNAMED --add-opens=java.prefs/java.util.prefs=ALL-UNNAMED --add-opens=java.base/java.nio.charset=ALL-UNNAMED --add-opens=java.base/java.net=ALL-UNNAMED --add-opens=java.base/java.util.concurrent.atomic=ALL-UNNAMED -Xmx2048m -Dfile.encoding=UTF-8 -Duser.country=US -Duser.language=en -Duser.variant 
java_command: org.gradle.launcher.daemon.bootstrap.GradleDaemon 7.5
java_class_path (initial): C:\Users\HP\.gradle\wrapper\dists\gradle-7.5-bin\f1w0cc9nuo0eivz97x2xlu9sv\gradle-7.5\lib\gradle-launcher-7.5.jar
Launcher Type: SUN_STANDARD

[Global flags]
     intx CICompilerCount                          = 4                                         {product} {ergonomic}
     uint ConcGCThreads                            = 2                                         {product} {ergonomic}
     uint G1ConcRefinementThreads                  = 8                                         {product} {ergonomic}
   size_t G1HeapRegionSize                         = 1048576                                   {product} {ergonomic}
    uintx GCDrainStackTargetSize                   = 64                                        {product} {ergonomic}
   size_t InitialHeapSize                          = 132120576                                 {product} {ergonomic}
   size_t MarkStackSize                            = 4194304                                   {product} {ergonomic}
   size_t MaxHeapSize                              = 2147483648                                {product} {command line}
   size_t MaxNewSize                               = 1287651328                                {product} {ergonomic}
   size_t MinHeapDeltaBytes                        = 1048576                                   {product} {ergonomic}
    uintx NonNMethodCodeHeapSize                   = 5836300                                {pd product} {ergonomic}
    uintx NonProfiledCodeHeapSize                  = 122910970                              {pd product} {ergonomic}
    uintx ProfiledCodeHeapSize                     = 122910970                              {pd product} {ergonomic}
    uintx ReservedCodeCacheSize                    = 251658240                              {pd product} {ergonomic}
     bool SegmentedCodeCache                       = true                                      {product} {ergonomic}
     bool UseCompressedClassPointers               = true                                 {lp64_product} {ergonomic}
     bool UseCompressedOops                        = true                                 {lp64_product} {ergonomic}
     bool UseG1GC                                  = true                                      {product} {ergonomic}
     bool UseLargePagesIndividualAllocation        = false                                  {pd product} {ergonomic}

Logging:
Log output configuration:
 #0: stdout all=warning uptime,level,tags
 #1: stderr all=off uptime,level,tags

Environment Variables:
JAVA_HOME=C:\Program Files\Java\jdk-17.0.1
CLASSPATH=C:\Program Files\Java\jdk-17.0.1\lib\*.jar
PATH=C:\Program Files\Common Files\Oracle\Java\javapath;C:\Program Files (x86)\Common Files\Oracle\Java\javapath;C:\WINDOWS\system32;C:\WINDOWS;C:\WINDOWS\System32\Wbem;C:\WINDOWS\System32\WindowsPowerShell\v1.0\;C:\WINDOWS\System32\OpenSSH\;C:\Program Files\Java\jdk-17.0.1\bin;C:\Program Files\nodejs\;C:\xampp\php;C:\ProgramData\ComposerSetup\bin;C:\Users\HP\Downloads\apache-maven-3.9.6-bin\apache-maven-3.9.6\bin;C:\Program Files\Git\cmd;C:\Program Files\dotnet\;C:\Users\HP\AppData\Local\Programs\Python\Python310\Scripts\;C:\Users\HP\AppData\Local\Programs\Python\Python310\;C:\Users\HP\AppData\Local\Microsoft\WindowsApps;C:\Program Files (x86)\Brackets\;C:\src\flutter\bin;;C:\Users\HP\AppData\Local\Programs\Microsoft VS Code\bin;C:\Users\HP\AppData\Roaming\npm;C:\Users\HP\AppData\Roaming\Composer\vendor\bin;C:\Users\HP\.dotnet\tools
USERNAME=HP
OS=Windows_NT
PROCESSOR_IDENTIFIER=Intel64 Family 6 Model 140 Stepping 1, GenuineIntel



---------------  S Y S T E M  ---------------

OS: Windows 10 , 64 bit Build 19041 (10.0.19041.4842)
OS uptime: 1 days 0:56 hours

CPU:total 8 (initial active 8) (4 cores per cpu, 2 threads per core) family 6 model 140 stepping 1 microcode 0x86, cmov, cx8, fxsr, mmx, sse, sse2, sse3, ssse3, sse4.1, sse4.2, popcnt, avx, avx2, aes, clmul, erms, 3dnowpref, lzcnt, ht, tsc, tscinvbit, bmi1, bmi2, adx, evex, sha, fma

Memory: 4k page, system-wide physical 7948M (256M free)
TotalPageFile size 14092M (AvailPageFile size 0M)
current process WorkingSet (physical memory assigned to process): 341M, peak: 341M
current process commit charge ("private bytes"): 379M, peak: 379M

vm_info: OpenJDK 64-Bit Server VM (11.0.15+0-b2043.56-9505619) for windows-amd64 JRE (11.0.15+0-b2043.56-9505619), built on Jan 19 2023 02:48:00 by "builduser" with unknown MS VC++:1929

END.
